2025-02-19 16:47:21,380 - INFO - Chromedriver is already installed.
2025-02-19 16:47:42,595 - ERROR - Scraper execution failed: Message: 
Stacktrace:
	GetHandleVerifier [0x00DDEBD3+24307]
	(No symbol) [0x00D68D74]
	(No symbol) [0x00C4C323]
	(No symbol) [0x00C8DC86]
	(No symbol) [0x00C8DECB]
	(No symbol) [0x00CCB9F2]
	(No symbol) [0x00CAFED4]
	(No symbol) [0x00CC9579]
	(No symbol) [0x00CAFC26]
	(No symbol) [0x00C8219C]
	(No symbol) [0x00C8311D]
	GetHandleVerifier [0x01088D93+2818227]
	GetHandleVerifier [0x010E542E+3196750]
	GetHandleVerifier [0x010DD9D2+3165426]
	GetHandleVerifier [0x00E7DA70+675216]
	(No symbol) [0x00D71B3D]
	(No symbol) [0x00D6EA18]
	(No symbol) [0x00D6EBB5]
	(No symbol) [0x00D61640]
	BaseThreadInitThunk [0x75127BA9+25]
	RtlInitializeExceptionChain [0x770FC0CB+107]
	RtlClearBits [0x770FC04F+191]

