2025-02-19 16:49:13,058 - INFO - 493 - Starting indigo scraper for PNR: RZ429P
2025-02-19 16:49:13,058 - INFO - 494 - SSR Email List: ['sbtinvoice@gail.co.in']
2025-02-19 16:49:13,058 - INFO - 497 - Trying with SSR Email: sbtinvoice@gail.co.in
2025-02-19 16:49:37,318 - INFO - 364 - msgok
2025-02-19 16:49:40,397 - INFO - 477 - File saved locally: downloaded_tickets/RZ429P-DL1242511CP03621.html
2025-02-19 16:49:47,413 - INFO - 364 - msgok
2025-02-19 16:49:49,369 - INFO - 477 - File saved locally: downloaded_tickets/RZ429P-DL1242511CQ06906.html
2025-02-19 16:49:55,348 - INFO - 364 - msgok
2025-02-19 16:49:57,532 - INFO - 477 - File saved locally: downloaded_tickets/RZ429P-DL2242511AK45493.html
2025-02-19 17:28:07,106 - INFO - 740 - Saving file to: pdf_folder/RZ429P-DL1242511CP03621.html
2025-02-19 17:28:13,840 - INFO - 740 - Saving file to: pdf_folder/RZ429P-DL1242511CP03621.html
2025-02-19 17:28:20,997 - INFO - 740 - Saving file to: pdf_folder/RZ429P-DL2242511AK45493.html
2025-02-19 17:28:26,787 - INFO - 740 - Saving file to: pdf_folder/RZ429P-DL2242511AK45493.html
2025-02-19 17:28:35,053 - INFO - 740 - Saving file to: pdf_folder/RZ429P-DL1242511CQ06906.html
2025-02-19 17:46:28,446 - INFO - 803 - Saving file to: pdf_folder/RZ429P-DL2242511AK45493.html
2025-02-19 17:46:42,558 - INFO - 803 - Saving file to: pdf_folder/RZ429P-DL2242511AK45493.html
2025-02-19 17:46:58,035 - INFO - 803 - Saving file to: pdf_folder/RZ429P-DL1242511CP03621.html
2025-02-19 17:57:23,106 - INFO - 811 - Saving file to: pdf_folder/RZ429P-DL1242511CQ06906.html
2025-02-19 17:57:32,317 - INFO - 811 - Saving file to: pdf_folder/RZ429P-DL1242511CP03621.html
2025-02-19 17:57:50,365 - INFO - 811 - Saving file to: pdf_folder/RZ429P-DL1242511CP03621.html
2025-02-19 17:59:26,079 - INFO - 807 - Saving file to: pdf_folder/RZ429P-DL2242511AK45493.html
2025-02-19 17:59:32,290 - INFO - 807 - Saving file to: pdf_folder/RZ429P-DL2242511AK45493.html
2025-02-19 17:59:42,143 - INFO - 807 - Saving file to: pdf_folder/RZ429P-DL1242511CP03621.html
2025-02-19 17:59:48,828 - INFO - 807 - Saving file to: pdf_folder/RZ429P-DL1242511CP03621.html
2025-02-19 17:59:55,575 - INFO - 807 - Saving file to: pdf_folder/RZ429P-DL1242511CQ06906.html
2025-02-19 18:02:10,306 - INFO - 807 - Saving file to: pdf_folder/RZ429P-DL1242511CP03621.html
2025-02-19 18:02:21,302 - INFO - 807 - Saving file to: pdf_folder/RZ429P-DL1242511CP03621.html
2025-02-19 18:02:31,724 - INFO - 807 - Saving file to: pdf_folder/RZ429P-DL1242511CQ06906.html
2025-02-19 18:02:39,359 - INFO - 807 - Saving file to: pdf_folder/RZ429P-DL2242511AK45493.html
2025-02-19 18:02:50,201 - INFO - 807 - Saving file to: pdf_folder/RZ429P-DL2242511AK45493.html
2025-02-19 18:36:46,742 - INFO - 843 - Saving file to: pdf_folder/RZ429P-DL1242511CP03621.html
2025-02-19 18:36:53,899 - INFO - 843 - Saving file to: pdf_folder/RZ429P-DL1242511CP03621.html
2025-02-19 18:37:06,815 - INFO - 843 - Saving file to: pdf_folder/RZ429P-DL1242511CQ06906.html
2025-02-19 18:37:19,413 - INFO - 843 - Saving file to: pdf_folder/RZ429P-DL2242511AK45493.html
2025-02-19 18:40:23,692 - INFO - 843 - Saving file to: pdf_folder/RZ429P-DL1242511CQ06906.html
2025-02-19 18:40:30,668 - INFO - 843 - Saving file to: pdf_folder/RZ429P-DL2242511AK45493.html
2025-02-19 18:40:46,163 - INFO - 843 - Saving file to: pdf_folder/RZ429P-DL2242511AK45493.html
2025-02-19 18:47:23,841 - INFO - 875 - Saving file to: pdf_folder/RZ429P-DL2242511AK45493.html
2025-02-19 18:47:39,256 - INFO - 875 - Saving file to: pdf_folder/RZ429P-DL2242511AK45493.html
2025-02-19 18:49:00,440 - INFO - 493 - Starting indigo scraper for PNR: RZ429P
2025-02-19 18:49:00,441 - INFO - 494 - SSR Email List: ['sbtinvoice@gail.co.in']
2025-02-19 18:49:00,441 - INFO - 497 - Trying with SSR Email: sbtinvoice@gail.co.in
2025-02-19 18:49:28,999 - INFO - 364 - msgok
2025-02-19 18:49:30,315 - INFO - 477 - File saved locally: downloaded_tickets/RZ429P-DL1242511CQ06906.html
2025-02-19 18:49:39,455 - INFO - 364 - msgok
2025-02-19 18:49:40,792 - INFO - 477 - File saved locally: downloaded_tickets/RZ429P-DL1242511CP03621.html
2025-02-19 18:49:54,739 - INFO - 364 - msgok
2025-02-19 18:49:55,986 - INFO - 477 - File saved locally: downloaded_tickets/RZ429P-DL2242511AK45493.html
2025-02-20 10:27:44,863 - INFO - 493 - Starting indigo scraper for PNR: RZ429P
2025-02-20 10:27:44,864 - INFO - 494 - SSR Email List: ['sbtinvoice@gail.co.in']
2025-02-20 10:27:44,864 - INFO - 497 - Trying with SSR Email: sbtinvoice@gail.co.in
2025-02-20 10:28:04,845 - INFO - 364 - msgok
2025-02-20 10:28:05,976 - INFO - 477 - File saved locally: downloaded_tickets/RZ429P-DL1242511CQ06906.html
2025-02-20 10:28:13,790 - INFO - 364 - msgok
2025-02-20 10:28:14,923 - INFO - 477 - File saved locally: downloaded_tickets/RZ429P-DL2242511AK45493.html
2025-02-20 10:28:19,653 - INFO - 364 - msgok
2025-02-20 10:28:20,826 - INFO - 477 - File saved locally: downloaded_tickets/RZ429P-DL1242511CP03621.html
2025-02-20 10:40:40,821 - INFO - 807 - Saving file to: pdf_folder/RZ429P-DL1242511CP03621.html
2025-02-20 10:40:49,006 - INFO - 807 - Saving file to: pdf_folder/RZ429P-DL1242511CP03621.html
2025-02-20 10:40:56,174 - INFO - 807 - Saving file to: pdf_folder/RZ429P-DL1242511CQ06906.html
2025-02-20 10:41:03,456 - INFO - 807 - Saving file to: pdf_folder/RZ429P-DL2242511AK45493.html
2025-02-20 10:41:13,040 - INFO - 807 - Saving file to: pdf_folder/RZ429P-DL2242511AK45493.html
2025-02-20 10:49:26,849 - INFO - 804 - Saving file to: pdf_folder/RZ429P-DL1242511CQ06906.html
2025-02-20 10:51:39,425 - INFO - 807 - Saving file to: pdf_folder/RZ429P-DL2242511AK45493.html
2025-02-20 10:51:51,374 - INFO - 807 - Saving file to: pdf_folder/RZ429P-DL2242511AK45493.html
2025-02-20 10:54:28,545 - INFO - 807 - Saving file to: pdf_folder/RZ429P-DL1242511CQ06906.html
2025-02-20 10:54:38,256 - INFO - 807 - Saving file to: pdf_folder/RZ429P-DL2242511AK45493.html
2025-02-20 10:54:47,187 - INFO - 807 - Saving file to: pdf_folder/RZ429P-DL1242511CP03621.html
2025-02-20 11:04:41,189 - INFO - 761 - Saving file to: pdf_folder/RZ429P-DL1242511CQ06906.html
2025-02-20 11:04:47,827 - INFO - 761 - Saving file to: pdf_folder/RZ429P-DL1242511CP03621.html
2025-02-20 11:04:56,958 - INFO - 761 - Saving file to: pdf_folder/RZ429P-DL2242511AK45493.html
2025-02-20 11:10:30,482 - INFO - 761 - Saving file to: pdf_folder/RZ429P-DL1242511CQ06906.html
2025-02-20 11:10:38,241 - INFO - 761 - Saving file to: pdf_folder/RZ429P-DL1242511CP03621.html
2025-02-20 11:10:49,672 - INFO - 761 - Saving file to: pdf_folder/RZ429P-DL2242511AK45493.html
2025-02-20 11:13:38,753 - INFO - 762 - Saving file to: pdf_folder/RZ429P-DL1242511CQ06906.html
2025-02-20 11:13:46,143 - INFO - 762 - Saving file to: pdf_folder/RZ429P-DL1242511CP03621.html
2025-02-20 11:13:56,078 - INFO - 762 - Saving file to: pdf_folder/RZ429P-DL2242511AK45493.html
2025-02-20 12:47:43,638 - INFO - 770 - Saving file to: pdf_folder/RZ429P-DL1242511CQ06906.html
2025-02-20 12:53:07,868 - INFO - 762 - Saving file to: pdf_folder/RZ429P-DL2242511AK45493.html
2025-02-20 12:54:55,482 - INFO - 762 - Saving file to: pdf_folder/RZ429P-DL1242511CQ06906.html
2025-02-20 12:55:06,087 - INFO - 762 - Saving file to: pdf_folder/RZ429P-DL1242511CP03621.html
2025-02-20 12:55:19,501 - INFO - 762 - Saving file to: pdf_folder/RZ429P-DL2242511AK45493.html
2025-02-20 12:56:57,190 - INFO - 762 - Saving file to: pdf_folder/RZ429P-DL1242511CP03621.html
2025-02-20 12:59:41,923 - INFO - 764 - Saving file to: pdf_folder/RZ429P-DL1242511CQ06906.html
2025-02-20 12:59:50,311 - INFO - 764 - Saving file to: pdf_folder/RZ429P-DL1242511CP03621.html
2025-02-20 13:00:02,340 - INFO - 764 - Saving file to: pdf_folder/RZ429P-DL2242511AK45493.html
2025-02-20 13:13:51,765 - INFO - 779 - Saving file to: pdf_folder/RZ429P-DL1242511CP03621.html
2025-02-20 13:14:08,456 - INFO - 779 - Saving file to: pdf_folder/RZ429P-DL2242511AK45493.html
2025-02-20 13:21:33,648 - INFO - 780 - Saving file to: pdf_folder/RZ429P-DL1242511CP03621.html
2025-02-20 13:21:51,477 - INFO - 780 - Saving file to: pdf_folder/RZ429P-DL2242511AK45493.html
2025-02-20 13:21:59,195 - ERROR - 1064 - Scraper error: HTTPSConnectionPool(host='book.goindigo.in', port=443): Max retries exceeded with url: //Content/img/indigo_web_logo.png (Caused by ProxyError('Your proxy appears to only use HTTP and not HTTPS, try changing your proxy URL to be HTTP. See: https://urllib3.readthedocs.io/en/1.26.x/advanced-usage.html#https-proxy-error-http-proxy', SSLError(SSLError(1, '[SSL: WRONG_VERSION_NUMBER] wrong version number (_ssl.c:2548)'))))
2025-02-20 13:24:15,014 - INFO - 780 - Saving file to: pdf_folder/RZ429P-DL2242511AK45493.html
2025-02-20 13:24:37,280 - INFO - 780 - Saving file to: pdf_folder/RZ429P-DL1242511CP03621.html
2025-02-20 13:24:49,818 - ERROR - 1064 - Scraper error: HTTPSConnectionPool(host='book.goindigo.in', port=443): Max retries exceeded with url: //Content/img/Paramita_bagchsign.gif (Caused by ProxyError('Your proxy appears to only use HTTP and not HTTPS, try changing your proxy URL to be HTTP. See: https://urllib3.readthedocs.io/en/1.26.x/advanced-usage.html#https-proxy-error-http-proxy', SSLError(SSLError(1, '[SSL: WRONG_VERSION_NUMBER] wrong version number (_ssl.c:2548)'))))
2025-02-20 13:32:44,362 - INFO - 882 - Saving file to: pdf_folder/RZ429P-DL1242511CP03621.html
2025-02-20 13:32:51,367 - INFO - 882 - Saving file to: pdf_folder/RZ429P-DL2242511AK45493.html
2025-02-20 13:32:58,032 - INFO - 882 - Saving file to: pdf_folder/RZ429P-DL1242511CQ06906.html
2025-02-20 13:34:00,220 - ERROR - 633 - Error in request/get_invoice_ids: HTTPSConnectionPool(host='book.goindigo.in', port=443): Max retries exceeded with url: /booking/ValidateGSTInvoiceDetails?indigoGSTDetails.PNR=RZ429P&indigoGSTDetails.email=sbtinvoice%40gail.co.in (Caused by ProxyError('Cannot connect to proxy.', RemoteDisconnected('Remote end closed connection without response')))
2025-02-20 13:34:00,221 - ERROR - 635 - Error context: {'url': 'https://book.goindigo.in/booking/ValidateGSTInvoiceDetails', 'params': {'indigoGSTDetails.PNR': 'RZ429P', 'indigoGSTDetails.email': 'sbtinvoice@gail.co.in'}}
2025-02-20 13:34:00,233 - ERROR - 1167 - Scraper error: ERROR INVOICE ID PORTAL ISSUE
2025-02-20 13:34:00,234 - ERROR - 633 - Error in request/unknown: ERROR INVOICE ID PORTAL ISSUE
2025-02-20 13:34:00,235 - ERROR - 635 - Error context: {'data': {'Ticket/PNR': 'RZ429P', 'SSR_Email': 'sbtinvoice@gail.co.in', 'Port': 10020}}
2025-02-20 13:37:13,270 - INFO - 882 - Saving file to: pdf_folder/RZ429P-DL1242511CP03621.html
2025-02-20 13:37:19,948 - INFO - 882 - Saving file to: pdf_folder/RZ429P-DL1242511CQ06906.html
2025-02-20 13:37:26,628 - INFO - 882 - Saving file to: pdf_folder/RZ429P-DL2242511AK45493.html
2025-02-20 13:46:00,240 - INFO - 882 - Saving file to: pdf_folder/RZ429P-DL2242511AK45493.html
2025-02-20 13:46:10,200 - INFO - 882 - Saving file to: pdf_folder/RZ429P-DL1242511CQ06906.html
2025-02-20 13:46:19,584 - INFO - 882 - Saving file to: pdf_folder/RZ429P-DL1242511CP03621.html
2025-02-20 13:50:53,791 - INFO - 882 - Saving file to: pdf_folder/RZ429P-DL2242511AK45493.html
2025-02-20 13:51:01,094 - INFO - 882 - Saving file to: pdf_folder/RZ429P-DL1242511CP03621.html
2025-02-20 13:51:07,333 - INFO - 882 - Saving file to: pdf_folder/RZ429P-DL1242511CQ06906.html
2025-02-20 13:54:25,152 - ERROR - 633 - Error in request/get_invoice_ids: HTTPSConnectionPool(host='book.goindigo.in', port=443): Max retries exceeded with url: /booking/ValidateGSTInvoiceDetails?indigoGSTDetails.PNR=RZ429P&indigoGSTDetails.email=sbtinvoice%40gail.co.in (Caused by ProxyError('Cannot connect to proxy.', RemoteDisconnected('Remote end closed connection without response')))
2025-02-20 13:54:25,153 - ERROR - 635 - Error context: {'url': 'https://book.goindigo.in/booking/ValidateGSTInvoiceDetails', 'params': {'indigoGSTDetails.PNR': 'RZ429P', 'indigoGSTDetails.email': 'sbtinvoice@gail.co.in'}}
2025-02-20 13:54:25,160 - ERROR - 1167 - Scraper error: ERROR INVOICE ID PORTAL ISSUE
2025-02-20 13:54:25,161 - ERROR - 633 - Error in request/unknown: ERROR INVOICE ID PORTAL ISSUE
2025-02-20 13:54:25,161 - ERROR - 635 - Error context: {'data': {'Ticket/PNR': 'RZ429P', 'SSR_Email': 'sbtinvoice@gail.co.in', 'Port': 10020}}
2025-02-20 13:54:40,610 - ERROR - 633 - Error in initialization/session_setup: HTTPSConnectionPool(host='www.goindigo.in', port=443): Max retries exceeded with url: /view-gst-invoice.html (Caused by ProxyError('Cannot connect to proxy.', OSError('Tunnel connection failed: 522 status code 522')))
2025-02-20 13:54:40,611 - ERROR - 635 - Error context: {'proxy_url': 'https://user-finkraftscraper-sessionduration-1:7o_ycvJzWs3s8f6RmR@gate.smartproxy.com:10020'}
2025-02-20 13:54:40,617 - ERROR - 1167 - Scraper error: ERROR INIT PORTAL ISSUE
2025-02-20 13:54:40,618 - ERROR - 633 - Error in initialization/unknown: ERROR INIT PORTAL ISSUE
2025-02-20 13:54:40,618 - ERROR - 635 - Error context: {'data': {'Ticket/PNR': 'RZ429P', 'SSR_Email': 'sbtinvoice@gail.co.in', 'Port': 10020}}
2025-02-20 13:56:44,502 - INFO - 882 - Saving file to: pdf_folder/RZ429P-DL2242511AK45493.html
2025-02-20 13:56:51,241 - INFO - 882 - Saving file to: pdf_folder/RZ429P-DL1242511CQ06906.html
2025-02-20 13:57:01,939 - INFO - 882 - Saving file to: pdf_folder/RZ429P-DL1242511CP03621.html
2025-02-20 15:08:02,141 - INFO - 884 - Saving file to: pdf_folder/RZ429P-DL1242511CQ06906.html
2025-02-20 15:08:09,116 - INFO - 884 - Saving file to: pdf_folder/RZ429P-DL1242511CP03621.html
2025-02-20 15:08:16,615 - INFO - 884 - Saving file to: pdf_folder/RZ429P-DL2242511AK45493.html
2025-02-20 16:06:16,100 - INFO - 493 - Starting indigo scraper for PNR: RZ429P
2025-02-20 16:06:16,100 - INFO - 494 - SSR Email List: ['sbtinvoice@gail.co.in']
2025-02-20 16:06:16,101 - INFO - 497 - Trying with SSR Email: sbtinvoice@gail.co.in
2025-02-20 16:06:29,775 - INFO - 364 - msgok
2025-02-20 16:06:31,167 - INFO - 477 - File saved locally: downloaded_tickets/RZ429P-DL2242511AK45493.html
2025-02-20 16:06:36,956 - INFO - 364 - msgok
2025-02-20 16:06:38,206 - INFO - 477 - File saved locally: downloaded_tickets/RZ429P-DL1242511CQ06906.html
2025-02-20 16:06:48,796 - INFO - 364 - msgok
2025-02-20 16:06:50,053 - INFO - 477 - File saved locally: downloaded_tickets/RZ429P-DL1242511CP03621.html
2025-02-20 16:08:41,557 - INFO - 885 - Saving file to: pdf_folder/RZ429P-DL1242511CP03621.html
2025-02-20 16:08:51,338 - INFO - 885 - Saving file to: pdf_folder/RZ429P-DL2242511AK45493.html
2025-02-20 16:08:57,245 - INFO - 885 - Saving file to: pdf_folder/RZ429P-DL1242511CQ06906.html
2025-02-20 16:08:58,000 - ERROR - 602 - Failed to clean up folder C:\Users\yash chawla\Desktop\finkraft\webiste_monitor-beta\webiste_monitor-beta\indigo\temp: name 'shutil' is not defined
2025-02-20 16:08:58,001 - ERROR - 602 - Failed to clean up folder C:\Users\yash chawla\Desktop\finkraft\webiste_monitor-beta\webiste_monitor-beta\indigo\screenshots: name 'shutil' is not defined
2025-02-20 16:08:58,182 - ERROR - 602 - Failed to clean up folder C:\Users\yash chawla\Desktop\finkraft\webiste_monitor-beta\webiste_monitor-beta\indigo\temp: name 'shutil' is not defined
2025-02-20 16:08:58,183 - ERROR - 602 - Failed to clean up folder C:\Users\yash chawla\Desktop\finkraft\webiste_monitor-beta\webiste_monitor-beta\indigo\screenshots: name 'shutil' is not defined
2025-02-20 16:24:56,429 - INFO - 885 - Saving file to: pdf_folder/RZ429P-DL1242511CP03621.html
2025-02-20 16:25:03,685 - INFO - 885 - Saving file to: pdf_folder/RZ429P-DL1242511CQ06906.html
2025-02-20 16:25:11,771 - INFO - 885 - Saving file to: pdf_folder/RZ429P-DL2242511AK45493.html
2025-02-20 17:24:50,952 - INFO - 171 - Scheduler started
2025-02-20 17:24:52,748 - INFO - 885 - Added job "run_automated_scrape" to job store "default"
2025-02-20 17:24:52,749 - INFO - 84 - Scheduler initialized: interval=120m, next_run=2025-02-20 12:16:26.616443+00:00
2025-02-20 17:24:52,749 - INFO - 885 - Added job "init_indigo_routes.<locals>.cleanup_old_files" to job store "default"
2025-02-20 17:24:52,750 - INFO - 187 -  * Restarting with stat
2025-02-20 17:24:53,911 - INFO - 171 - Scheduler started
2025-02-20 17:24:55,244 - INFO - 885 - Added job "run_automated_scrape" to job store "default"
2025-02-20 17:24:55,245 - INFO - 84 - Scheduler initialized: interval=120m, next_run=2025-02-20 12:16:26.616443+00:00
2025-02-20 17:24:55,246 - INFO - 885 - Added job "init_indigo_routes.<locals>.cleanup_old_files" to job store "default"
2025-02-20 17:24:55,246 - WARNING - 187 -  * Debugger is active!
2025-02-20 17:24:55,251 - INFO - 187 -  * Debugger PIN: 102-012-166
2025-02-20 17:26:58,086 - INFO - 202 - Scheduler has been shut down
2025-02-20 17:26:58,086 - INFO - 457 - indigo scheduler shutdown complete
2025-02-20 17:27:00,242 - INFO - 202 - Scheduler has been shut down
2025-02-20 17:27:00,243 - INFO - 457 - indigo scheduler shutdown complete
2025-02-20 17:27:03,533 - INFO - 171 - Scheduler started
2025-02-20 17:27:04,895 - INFO - 885 - Added job "run_automated_scrape" to job store "default"
2025-02-20 17:27:04,896 - INFO - 84 - Scheduler initialized: interval=120m, next_run=2025-02-20 12:16:26.616443+00:00
2025-02-20 17:27:04,896 - INFO - 885 - Added job "init_indigo_routes.<locals>.cleanup_old_files" to job store "default"
2025-02-20 17:27:04,897 - INFO - 187 -  * Restarting with stat
2025-02-20 17:27:06,036 - INFO - 171 - Scheduler started
2025-02-20 17:27:07,519 - INFO - 885 - Added job "run_automated_scrape" to job store "default"
2025-02-20 17:27:07,519 - INFO - 84 - Scheduler initialized: interval=120m, next_run=2025-02-20 12:16:26.616443+00:00
2025-02-20 17:27:07,520 - INFO - 885 - Added job "init_indigo_routes.<locals>.cleanup_old_files" to job store "default"
2025-02-20 17:27:07,521 - WARNING - 187 -  * Debugger is active!
2025-02-20 17:27:07,525 - INFO - 187 -  * Debugger PIN: 102-012-166
2025-02-20 17:28:37,024 - INFO - 885 - Saving file to: pdf_folder/RZ429P-DL1242511CQ06906.html
2025-02-20 17:28:49,048 - INFO - 885 - Saving file to: pdf_folder/RZ429P-DL1242511CP03621.html
2025-02-20 17:29:07,722 - ERROR - 635 - Error in processing/format_html: HTTPSConnectionPool(host='book.goindigo.in', port=443): Max retries exceeded with url: //Content/img/indigo_web_logo.png (Caused by ProxyError('Your proxy appears to only use HTTP and not HTTPS, try changing your proxy URL to be HTTP. See: https://urllib3.readthedocs.io/en/1.26.x/advanced-usage.html#https-proxy-error-http-proxy', SSLError(SSLError(1, '[SSL: WRONG_VERSION_NUMBER] wrong version number (_ssl.c:2548)'))))
2025-02-20 17:29:07,724 - ERROR - 637 - Error context: {'image_url': 'https://book.goindigo.in//Content/img/indigo_web_logo.png'}
2025-02-20 17:29:09,204 - ERROR - 602 - Failed to clean up folder C:\Users\yash chawla\Desktop\finkraft\webiste_monitor-beta\webiste_monitor-beta\indigo\temp: name 'shutil' is not defined
2025-02-20 17:29:09,204 - ERROR - 602 - Failed to clean up folder C:\Users\yash chawla\Desktop\finkraft\webiste_monitor-beta\webiste_monitor-beta\indigo\screenshots: name 'shutil' is not defined
2025-02-20 17:29:09,556 - ERROR - 602 - Failed to clean up folder C:\Users\yash chawla\Desktop\finkraft\webiste_monitor-beta\webiste_monitor-beta\indigo\temp: name 'shutil' is not defined
2025-02-20 17:29:09,556 - ERROR - 602 - Failed to clean up folder C:\Users\yash chawla\Desktop\finkraft\webiste_monitor-beta\webiste_monitor-beta\indigo\screenshots: name 'shutil' is not defined
2025-02-20 17:31:58,022 - INFO - 202 - Scheduler has been shut down
2025-02-20 17:31:58,022 - INFO - 457 - indigo scheduler shutdown complete
2025-02-20 17:32:00,198 - INFO - 202 - Scheduler has been shut down
2025-02-20 17:32:00,198 - INFO - 457 - indigo scheduler shutdown complete
2025-02-20 17:35:43,456 - INFO - 171 - Scheduler started
2025-02-20 17:35:45,040 - INFO - 885 - Added job "run_automated_scrape" to job store "default"
2025-02-20 17:35:45,041 - INFO - 84 - Scheduler initialized: interval=120m, next_run=2025-02-20 12:16:26.616443+00:00
2025-02-20 17:35:45,041 - INFO - 885 - Added job "init_indigo_routes.<locals>.cleanup_old_files" to job store "default"
2025-02-20 17:35:45,043 - INFO - 187 -  * Restarting with stat
2025-02-20 17:35:46,274 - INFO - 171 - Scheduler started
2025-02-20 17:35:47,684 - INFO - 885 - Added job "run_automated_scrape" to job store "default"
2025-02-20 17:35:47,685 - INFO - 84 - Scheduler initialized: interval=120m, next_run=2025-02-20 12:16:26.616443+00:00
2025-02-20 17:35:47,685 - INFO - 885 - Added job "init_indigo_routes.<locals>.cleanup_old_files" to job store "default"
2025-02-20 17:35:47,686 - WARNING - 187 -  * Debugger is active!
2025-02-20 17:35:47,691 - INFO - 187 -  * Debugger PIN: 102-012-166
2025-02-20 17:36:30,620 - INFO - 885 - Saving file to: pdf_folder/RZ429P-DL2242511AK45493.html
2025-02-20 17:36:51,418 - INFO - 885 - Saving file to: pdf_folder/RZ429P-DL1242511CQ06906.html
2025-02-20 17:37:01,211 - ERROR - 1171 - Scraper error: HTTPSConnectionPool(host='book.goindigo.in', port=443): Max retries exceeded with url: /Booking/GSTInvoice (Caused by ProxyError('Your proxy appears to only use HTTP and not HTTPS, try changing your proxy URL to be HTTP. See: https://urllib3.readthedocs.io/en/1.26.x/advanced-usage.html#https-proxy-error-http-proxy', SSLError(SSLError(1, '[SSL: WRONG_VERSION_NUMBER] wrong version number (_ssl.c:2548)'))))
2025-02-20 17:37:01,212 - ERROR - 635 - Error in processing/unknown: HTTPSConnectionPool(host='book.goindigo.in', port=443): Max retries exceeded with url: /Booking/GSTInvoice (Caused by ProxyError('Your proxy appears to only use HTTP and not HTTPS, try changing your proxy URL to be HTTP. See: https://urllib3.readthedocs.io/en/1.26.x/advanced-usage.html#https-proxy-error-http-proxy', SSLError(SSLError(1, '[SSL: WRONG_VERSION_NUMBER] wrong version number (_ssl.c:2548)'))))
2025-02-20 17:37:01,212 - ERROR - 637 - Error context: {'data': {'Ticket/PNR': 'RZ429P', 'SSR_Email': 'sbtinvoice@gail.co.in'}, 'ssr_email': 'sbtinvoice@gail.co.in'}
2025-02-20 17:37:01,604 - ERROR - 602 - Failed to clean up folder C:\Users\yash chawla\Desktop\finkraft\webiste_monitor-beta\webiste_monitor-beta\indigo\temp: name 'shutil' is not defined
2025-02-20 17:37:01,605 - ERROR - 602 - Failed to clean up folder C:\Users\yash chawla\Desktop\finkraft\webiste_monitor-beta\webiste_monitor-beta\indigo\screenshots: name 'shutil' is not defined
2025-02-20 17:41:52,394 - INFO - 885 - Saving file to: pdf_folder/RZ429P-DL2242511AK45493.html
2025-02-20 17:41:55,734 - ERROR - 1171 - Scraper error: HTTPSConnectionPool(host='book.goindigo.in', port=443): Max retries exceeded with url: /Booking/GSTInvoice (Caused by ProxyError('Your proxy appears to only use HTTP and not HTTPS, try changing your proxy URL to be HTTP. See: https://urllib3.readthedocs.io/en/1.26.x/advanced-usage.html#https-proxy-error-http-proxy', SSLError(SSLError(1, '[SSL: WRONG_VERSION_NUMBER] wrong version number (_ssl.c:2548)'))))
2025-02-20 17:41:55,736 - ERROR - 635 - Error in processing/unknown: HTTPSConnectionPool(host='book.goindigo.in', port=443): Max retries exceeded with url: /Booking/GSTInvoice (Caused by ProxyError('Your proxy appears to only use HTTP and not HTTPS, try changing your proxy URL to be HTTP. See: https://urllib3.readthedocs.io/en/1.26.x/advanced-usage.html#https-proxy-error-http-proxy', SSLError(SSLError(1, '[SSL: WRONG_VERSION_NUMBER] wrong version number (_ssl.c:2548)'))))
2025-02-20 17:41:55,736 - ERROR - 637 - Error context: {'data': {'Ticket/PNR': 'RZ429P', 'SSR_Email': 'sbtinvoice@gail.co.in'}, 'ssr_email': 'sbtinvoice@gail.co.in'}
2025-02-20 17:41:56,191 - ERROR - 602 - Failed to clean up folder C:\Users\yash chawla\Desktop\finkraft\webiste_monitor-beta\webiste_monitor-beta\indigo\temp: name 'shutil' is not defined
2025-02-20 17:41:56,192 - ERROR - 602 - Failed to clean up folder C:\Users\yash chawla\Desktop\finkraft\webiste_monitor-beta\webiste_monitor-beta\indigo\screenshots: name 'shutil' is not defined
2025-02-20 17:44:56,823 - INFO - 187 -  * Detected change in 'C:\\Users\\yash chawla\\Desktop\\finkraft\\webiste_monitor-beta\\webiste_monitor-beta\\indigo\\indigo_raw.py', reloading
2025-02-20 17:44:56,825 - INFO - 202 - Scheduler has been shut down
2025-02-20 17:44:56,826 - INFO - 457 - indigo scheduler shutdown complete
2025-02-20 17:44:59,012 - INFO - 187 -  * Restarting with stat
2025-02-20 17:45:00,455 - INFO - 171 - Scheduler started
2025-02-20 17:45:02,145 - INFO - 885 - Added job "run_automated_scrape" to job store "default"
2025-02-20 17:45:02,146 - INFO - 84 - Scheduler initialized: interval=120m, next_run=2025-02-20 12:16:26.616443+00:00
2025-02-20 17:45:02,146 - INFO - 885 - Added job "init_indigo_routes.<locals>.cleanup_old_files" to job store "default"
2025-02-20 17:45:02,147 - WARNING - 187 -  * Debugger is active!
2025-02-20 17:45:02,151 - INFO - 187 -  * Debugger PIN: 102-012-166
2025-02-20 17:45:52,213 - INFO - 187 -  * Detected change in 'C:\\Users\\yash chawla\\Desktop\\finkraft\\webiste_monitor-beta\\webiste_monitor-beta\\indigo\\indigo_raw.py', reloading
2025-02-20 17:45:52,215 - INFO - 202 - Scheduler has been shut down
2025-02-20 17:45:52,216 - INFO - 457 - indigo scheduler shutdown complete
2025-02-20 17:45:54,386 - INFO - 187 -  * Restarting with stat
2025-02-20 17:45:55,723 - INFO - 171 - Scheduler started
2025-02-20 17:45:57,195 - INFO - 885 - Added job "run_automated_scrape" to job store "default"
2025-02-20 17:45:57,195 - INFO - 84 - Scheduler initialized: interval=120m, next_run=2025-02-20 12:16:26.616443+00:00
2025-02-20 17:45:57,196 - INFO - 885 - Added job "init_indigo_routes.<locals>.cleanup_old_files" to job store "default"
2025-02-20 17:45:57,197 - WARNING - 187 -  * Debugger is active!
2025-02-20 17:45:57,202 - INFO - 187 -  * Debugger PIN: 102-012-166
2025-02-20 17:46:26,626 - INFO - 123 - Running job "run_automated_scrape (trigger: interval[2:00:00], next run at: 2025-02-20 14:16:26 UTC)" (scheduled at 2025-02-20 12:16:26.616443+00:00)
2025-02-20 17:46:26,626 - INFO - 123 - Running job "run_automated_scrape (trigger: interval[2:00:00], next run at: 2025-02-20 14:16:26 UTC)" (scheduled at 2025-02-20 12:16:26.616443+00:00)
2025-02-20 17:47:19,463 - INFO - 885 - Saving file to: pdf_folder/RZ429P-DL2242511AK45493.html
2025-02-20 17:47:19,463 - INFO - 885 - Saving file to: pdf_folder/RZ429P-DL1242511CQ06906.html
2025-02-20 17:47:32,786 - ERROR - 635 - Error in processing/format_html: HTTPSConnectionPool(host='book.goindigo.in', port=443): Max retries exceeded with url: //Content/img/indigo_web_logo.png (Caused by ProxyError('Your proxy appears to only use HTTP and not HTTPS, try changing your proxy URL to be HTTP. See: https://urllib3.readthedocs.io/en/1.26.x/advanced-usage.html#https-proxy-error-http-proxy', SSLError(SSLError(1, '[SSL: WRONG_VERSION_NUMBER] wrong version number (_ssl.c:2548)'))))
2025-02-20 17:47:32,787 - ERROR - 637 - Error context: {'image_url': 'https://book.goindigo.in//Content/img/indigo_web_logo.png'}
2025-02-20 17:47:33,089 - ERROR - 635 - Error in processing/format_html: HTTPSConnectionPool(host='book.goindigo.in', port=443): Max retries exceeded with url: //Content/img/indigo_web_logo.png (Caused by ProxyError('Your proxy appears to only use HTTP and not HTTPS, try changing your proxy URL to be HTTP. See: https://urllib3.readthedocs.io/en/1.26.x/advanced-usage.html#https-proxy-error-http-proxy', SSLError(SSLError(1, '[SSL: WRONG_VERSION_NUMBER] wrong version number (_ssl.c:2548)'))))
2025-02-20 17:47:33,089 - ERROR - 637 - Error context: {'image_url': 'https://book.goindigo.in//Content/img/indigo_web_logo.png'}
2025-02-20 17:47:54,041 - INFO - 885 - Saving file to: pdf_folder/RZ429P-DL1242511CQ06906.html
2025-02-20 17:47:54,679 - INFO - 885 - Saving file to: pdf_folder/RZ429P-DL2242511AK45493.html
2025-02-20 17:47:55,144 - ERROR - 602 - Failed to clean up folder C:\Users\yash chawla\Desktop\finkraft\webiste_monitor-beta\webiste_monitor-beta\indigo\temp: name 'shutil' is not defined
2025-02-20 17:47:55,144 - ERROR - 602 - Failed to clean up folder C:\Users\yash chawla\Desktop\finkraft\webiste_monitor-beta\webiste_monitor-beta\indigo\screenshots: name 'shutil' is not defined
2025-02-20 17:47:55,389 - ERROR - 602 - Failed to clean up folder C:\Users\yash chawla\Desktop\finkraft\webiste_monitor-beta\webiste_monitor-beta\indigo\temp: name 'shutil' is not defined
2025-02-20 17:47:55,390 - ERROR - 602 - Failed to clean up folder C:\Users\yash chawla\Desktop\finkraft\webiste_monitor-beta\webiste_monitor-beta\indigo\screenshots: name 'shutil' is not defined
2025-02-20 17:47:55,552 - INFO - 631 - Removed job indigo_auto_scrape
2025-02-20 17:47:55,553 - INFO - 885 - Added job "run_automated_scrape" to job store "default"
2025-02-20 17:47:55,553 - INFO - 84 - Scheduler initialized: interval=120m, next_run=2025-02-20 14:17:55.390917+00:00
2025-02-20 17:47:55,554 - INFO - 144 - Job "run_automated_scrape (trigger: interval[2:00:00], next run at: 2025-02-20 14:16:26 UTC)" executed successfully
2025-02-20 17:47:55,652 - ERROR - 602 - Failed to clean up folder C:\Users\yash chawla\Desktop\finkraft\webiste_monitor-beta\webiste_monitor-beta\indigo\temp: name 'shutil' is not defined
2025-02-20 17:47:55,652 - ERROR - 602 - Failed to clean up folder C:\Users\yash chawla\Desktop\finkraft\webiste_monitor-beta\webiste_monitor-beta\indigo\screenshots: name 'shutil' is not defined
2025-02-20 17:47:55,961 - ERROR - 602 - Failed to clean up folder C:\Users\yash chawla\Desktop\finkraft\webiste_monitor-beta\webiste_monitor-beta\indigo\temp: name 'shutil' is not defined
2025-02-20 17:47:55,962 - ERROR - 602 - Failed to clean up folder C:\Users\yash chawla\Desktop\finkraft\webiste_monitor-beta\webiste_monitor-beta\indigo\screenshots: name 'shutil' is not defined
2025-02-20 17:47:56,128 - INFO - 631 - Removed job indigo_auto_scrape
2025-02-20 17:47:56,129 - INFO - 885 - Added job "run_automated_scrape" to job store "default"
2025-02-20 17:47:56,130 - INFO - 84 - Scheduler initialized: interval=120m, next_run=2025-02-20 14:17:55.962762+00:00
2025-02-20 17:47:56,130 - INFO - 144 - Job "run_automated_scrape (trigger: interval[2:00:00], next run at: 2025-02-20 14:16:26 UTC)" executed successfully
2025-02-20 17:48:46,702 - INFO - 187 -  * Detected change in 'C:\\Users\\yash chawla\\Desktop\\finkraft\\webiste_monitor-beta\\webiste_monitor-beta\\indigo\\alliance_scrapper.py', reloading
2025-02-20 17:48:46,704 - INFO - 202 - Scheduler has been shut down
2025-02-20 17:48:46,716 - INFO - 457 - indigo scheduler shutdown complete
2025-02-20 17:48:48,950 - INFO - 187 -  * Restarting with stat
2025-02-20 17:48:50,319 - INFO - 171 - Scheduler started
2025-02-20 17:48:52,258 - INFO - 885 - Added job "run_automated_scrape" to job store "default"
2025-02-20 17:48:52,258 - INFO - 84 - Scheduler initialized: interval=120m, next_run=2025-02-20 14:17:55.962762+00:00
2025-02-20 17:48:52,259 - INFO - 885 - Added job "init_indigo_routes.<locals>.cleanup_old_files" to job store "default"
2025-02-20 17:48:52,260 - WARNING - 187 -  * Debugger is active!
2025-02-20 17:48:52,265 - INFO - 187 -  * Debugger PIN: 102-012-166
2025-02-20 17:50:33,856 - INFO - 187 -  * Detected change in 'C:\\Users\\yash chawla\\Desktop\\finkraft\\webiste_monitor-beta\\webiste_monitor-beta\\indigo\\alliance_scrapper.py', reloading
2025-02-20 17:50:33,858 - INFO - 202 - Scheduler has been shut down
2025-02-20 17:50:33,859 - INFO - 457 - indigo scheduler shutdown complete
2025-02-20 17:50:36,063 - INFO - 187 -  * Restarting with stat
2025-02-20 17:50:37,346 - INFO - 171 - Scheduler started
2025-02-20 17:50:38,804 - INFO - 885 - Added job "run_automated_scrape" to job store "default"
2025-02-20 17:50:38,804 - INFO - 84 - Scheduler initialized: interval=120m, next_run=2025-02-20 14:17:55.962762+00:00
2025-02-20 17:50:38,805 - INFO - 885 - Added job "init_indigo_routes.<locals>.cleanup_old_files" to job store "default"
2025-02-20 17:50:38,806 - WARNING - 187 -  * Debugger is active!
2025-02-20 17:50:38,810 - INFO - 187 -  * Debugger PIN: 102-012-166
2025-02-20 17:51:11,104 - INFO - 187 -  * Detected change in 'C:\\Users\\yash chawla\\Desktop\\finkraft\\webiste_monitor-beta\\webiste_monitor-beta\\indigo\\alliance_scrapper.py', reloading
2025-02-20 17:51:11,106 - INFO - 202 - Scheduler has been shut down
2025-02-20 17:51:11,107 - INFO - 457 - indigo scheduler shutdown complete
2025-02-20 17:51:13,324 - INFO - 187 -  * Restarting with stat
2025-02-20 17:51:14,546 - INFO - 171 - Scheduler started
2025-02-20 17:51:15,954 - INFO - 885 - Added job "run_automated_scrape" to job store "default"
2025-02-20 17:51:15,954 - INFO - 84 - Scheduler initialized: interval=120m, next_run=2025-02-20 14:17:55.962762+00:00
2025-02-20 17:51:15,955 - INFO - 885 - Added job "init_indigo_routes.<locals>.cleanup_old_files" to job store "default"
2025-02-20 17:51:15,956 - WARNING - 187 -  * Debugger is active!
2025-02-20 17:51:15,960 - INFO - 187 -  * Debugger PIN: 102-012-166
2025-02-20 17:51:20,356 - INFO - 202 - Scheduler has been shut down
2025-02-20 17:51:20,357 - INFO - 457 - indigo scheduler shutdown complete
2025-02-20 17:51:22,524 - INFO - 202 - Scheduler has been shut down
2025-02-20 17:51:22,525 - INFO - 457 - indigo scheduler shutdown complete
2025-02-20 17:51:27,974 - INFO - 171 - Scheduler started
2025-02-20 17:51:29,451 - INFO - 885 - Added job "run_automated_scrape" to job store "default"
2025-02-20 17:51:29,451 - INFO - 84 - Scheduler initialized: interval=120m, next_run=2025-02-20 14:17:55.962762+00:00
2025-02-20 17:51:29,452 - INFO - 885 - Added job "init_indigo_routes.<locals>.cleanup_old_files" to job store "default"
2025-02-20 17:51:29,453 - INFO - 187 -  * Restarting with stat
2025-02-20 17:51:30,603 - INFO - 171 - Scheduler started
2025-02-20 17:51:32,458 - INFO - 885 - Added job "run_automated_scrape" to job store "default"
2025-02-20 17:51:32,459 - INFO - 84 - Scheduler initialized: interval=120m, next_run=2025-02-20 14:17:55.962762+00:00
2025-02-20 17:51:32,460 - INFO - 885 - Added job "init_indigo_routes.<locals>.cleanup_old_files" to job store "default"
2025-02-20 17:51:32,460 - WARNING - 187 -  * Debugger is active!
2025-02-20 17:51:32,465 - INFO - 187 -  * Debugger PIN: 102-012-166
2025-02-20 17:52:24,128 - INFO - 949 - Saving file to: pdf_folder/RZ429P-DL1242511CP03621.html
2025-02-20 17:52:39,940 - INFO - 949 - Saving file to: pdf_folder/RZ429P-DL2242511AK45493.html
2025-02-20 17:52:43,554 - ERROR - 635 - Error in processing/fetch_invoice: HTTPSConnectionPool(host='book.goindigo.in', port=443): Max retries exceeded with url: /Booking/GSTInvoice (Caused by ProxyError('Your proxy appears to only use HTTP and not HTTPS, try changing your proxy URL to be HTTP. See: https://urllib3.readthedocs.io/en/1.26.x/advanced-usage.html#https-proxy-error-http-proxy', SSLError(SSLError(1, '[SSL: WRONG_VERSION_NUMBER] wrong version number (_ssl.c:2548)'))))
2025-02-20 17:52:43,555 - ERROR - 637 - Error context: {'invoice_id': 'DL1242511CQ06906', 'attempt': 1, 'url': 'https://book.goindigo.in/Booking/GSTInvoice', 'error_type': 'ProxyError'}
2025-02-20 17:52:44,819 - ERROR - 602 - Failed to clean up folder C:\Users\yash chawla\Desktop\finkraft\webiste_monitor-beta\webiste_monitor-beta\indigo\temp: name 'shutil' is not defined
2025-02-20 17:52:44,820 - ERROR - 602 - Failed to clean up folder C:\Users\yash chawla\Desktop\finkraft\webiste_monitor-beta\webiste_monitor-beta\indigo\screenshots: name 'shutil' is not defined
2025-02-20 17:52:45,053 - ERROR - 602 - Failed to clean up folder C:\Users\yash chawla\Desktop\finkraft\webiste_monitor-beta\webiste_monitor-beta\indigo\temp: name 'shutil' is not defined
2025-02-20 17:52:45,053 - ERROR - 602 - Failed to clean up folder C:\Users\yash chawla\Desktop\finkraft\webiste_monitor-beta\webiste_monitor-beta\indigo\screenshots: name 'shutil' is not defined
2025-02-20 18:02:27,207 - INFO - 187 -  * Detected change in 'C:\\Users\\yash chawla\\Desktop\\finkraft\\webiste_monitor-beta\\webiste_monitor-beta\\indigo\\alliance_scrapper.py', reloading
2025-02-20 18:02:27,209 - INFO - 202 - Scheduler has been shut down
2025-02-20 18:02:27,210 - INFO - 457 - indigo scheduler shutdown complete
2025-02-20 18:02:29,417 - INFO - 187 -  * Restarting with stat
2025-02-20 18:02:30,763 - INFO - 171 - Scheduler started
2025-02-20 18:02:32,381 - INFO - 885 - Added job "run_automated_scrape" to job store "default"
2025-02-20 18:02:32,382 - INFO - 84 - Scheduler initialized: interval=120m, next_run=2025-02-20 14:17:55.962762+00:00
2025-02-20 18:02:32,383 - INFO - 885 - Added job "init_indigo_routes.<locals>.cleanup_old_files" to job store "default"
2025-02-20 18:02:32,385 - WARNING - 187 -  * Debugger is active!
2025-02-20 18:02:32,391 - INFO - 187 -  * Debugger PIN: 102-012-166
2025-02-20 18:04:54,937 - INFO - 187 -  * Detected change in 'C:\\Users\\yash chawla\\Desktop\\finkraft\\webiste_monitor-beta\\webiste_monitor-beta\\indigo\\alliance_scrapper.py', reloading
2025-02-20 18:04:54,939 - INFO - 202 - Scheduler has been shut down
2025-02-20 18:04:54,940 - INFO - 457 - indigo scheduler shutdown complete
2025-02-20 18:04:57,144 - INFO - 187 -  * Restarting with stat
2025-02-20 18:04:57,493 - INFO - 202 - Scheduler has been shut down
2025-02-20 18:04:57,494 - INFO - 457 - indigo scheduler shutdown complete
2025-02-20 18:06:22,943 - INFO - 171 - Scheduler started
2025-02-20 18:06:24,479 - INFO - 885 - Added job "run_automated_scrape" to job store "default"
2025-02-20 18:06:24,480 - INFO - 84 - Scheduler initialized: interval=120m, next_run=2025-02-20 14:17:55.962762+00:00
2025-02-20 18:06:24,480 - INFO - 885 - Added job "init_indigo_routes.<locals>.cleanup_old_files" to job store "default"
2025-02-20 18:06:24,481 - INFO - 187 -  * Restarting with stat
2025-02-20 18:06:25,623 - INFO - 171 - Scheduler started
2025-02-20 18:06:26,972 - INFO - 885 - Added job "run_automated_scrape" to job store "default"
2025-02-20 18:06:26,972 - INFO - 84 - Scheduler initialized: interval=120m, next_run=2025-02-20 14:17:55.962762+00:00
2025-02-20 18:06:26,973 - INFO - 885 - Added job "init_indigo_routes.<locals>.cleanup_old_files" to job store "default"
2025-02-20 18:06:26,973 - WARNING - 187 -  * Debugger is active!
2025-02-20 18:06:26,978 - INFO - 187 -  * Debugger PIN: 102-012-166
2025-02-20 18:07:21,443 - INFO - 936 - Saving file to: pdf_folder/RZ429P-DL2242511AK45493.html
2025-02-20 18:07:52,899 - INFO - 845 - Retrying API for the 2 time due to proxy/SSL error: HTTPSConnectionPool(host='book.goindigo.in', port=443): Max retries exceeded with url: /Booking/GSTInvoice (Caused by ProxyError('Your proxy appears to only use HTTP and not HTTPS, try changing your proxy URL to be HTTP. See: https://urllib3.readthedocs.io/en/1.26.x/advanced-usage.html#https-proxy-error-http-proxy', SSLError(SSLError(1, '[SSL: WRONG_VERSION_NUMBER] wrong version number (_ssl.c:2548)'))))
2025-02-20 18:08:07,188 - INFO - 936 - Saving file to: pdf_folder/RZ429P-DL1242511CQ06906.html
2025-02-20 18:08:18,732 - INFO - 936 - Saving file to: pdf_folder/RZ429P-DL1242511CP03621.html
2025-02-20 18:08:19,040 - ERROR - 602 - Failed to clean up folder C:\Users\yash chawla\Desktop\finkraft\webiste_monitor-beta\webiste_monitor-beta\indigo\temp: name 'shutil' is not defined
2025-02-20 18:08:19,041 - ERROR - 602 - Failed to clean up folder C:\Users\yash chawla\Desktop\finkraft\webiste_monitor-beta\webiste_monitor-beta\indigo\screenshots: name 'shutil' is not defined
2025-02-20 18:09:39,521 - INFO - 936 - Saving file to: pdf_folder/RZ429P-DL2242511AK45493.html
2025-02-20 18:09:56,423 - INFO - 936 - Saving file to: pdf_folder/RZ429P-DL1242511CQ06906.html
2025-02-20 18:10:05,084 - INFO - 936 - Saving file to: pdf_folder/RZ429P-DL1242511CP03621.html
2025-02-20 18:10:05,421 - ERROR - 602 - Failed to clean up folder C:\Users\yash chawla\Desktop\finkraft\webiste_monitor-beta\webiste_monitor-beta\indigo\temp: name 'shutil' is not defined
2025-02-20 18:10:05,422 - ERROR - 602 - Failed to clean up folder C:\Users\yash chawla\Desktop\finkraft\webiste_monitor-beta\webiste_monitor-beta\indigo\screenshots: name 'shutil' is not defined
2025-02-20 18:11:03,998 - INFO - 187 -  * Detected change in 'C:\\Users\\yash chawla\\Desktop\\finkraft\\webiste_monitor-beta\\webiste_monitor-beta\\indigo\\alliance_scrapper.py', reloading
2025-02-20 18:11:04,000 - INFO - 202 - Scheduler has been shut down
2025-02-20 18:11:04,001 - INFO - 457 - indigo scheduler shutdown complete
2025-02-20 18:11:06,203 - INFO - 187 -  * Restarting with stat
2025-02-20 18:11:07,393 - INFO - 171 - Scheduler started
2025-02-20 18:11:08,838 - INFO - 885 - Added job "run_automated_scrape" to job store "default"
2025-02-20 18:11:08,839 - INFO - 84 - Scheduler initialized: interval=120m, next_run=2025-02-20 14:17:55.962762+00:00
2025-02-20 18:11:08,839 - INFO - 885 - Added job "init_indigo_routes.<locals>.cleanup_old_files" to job store "default"
2025-02-20 18:11:08,840 - WARNING - 187 -  * Debugger is active!
2025-02-20 18:11:08,845 - INFO - 187 -  * Debugger PIN: 102-012-166
2025-02-20 18:21:52,493 - INFO - 936 - Saving file to: pdf_folder/RZ429P-DL1242511CQ06906.html
2025-02-20 18:22:00,624 - INFO - 936 - Saving file to: pdf_folder/RZ429P-DL1242511CP03621.html
2025-02-20 18:22:11,235 - INFO - 936 - Saving file to: pdf_folder/RZ429P-DL2242511AK45493.html
2025-02-20 18:22:11,585 - ERROR - 602 - Failed to clean up folder C:\Users\yash chawla\Desktop\finkraft\webiste_monitor-beta\webiste_monitor-beta\indigo\temp: name 'shutil' is not defined
2025-02-20 18:22:11,586 - ERROR - 602 - Failed to clean up folder C:\Users\yash chawla\Desktop\finkraft\webiste_monitor-beta\webiste_monitor-beta\indigo\screenshots: name 'shutil' is not defined
2025-02-20 18:41:25,988 - INFO - 936 - Saving file to: pdf_folder/RZ429P-DL1242511CP03621.html
2025-02-20 18:41:33,381 - INFO - 936 - Saving file to: pdf_folder/RZ429P-DL2242511AK45493.html
2025-02-20 18:41:40,517 - INFO - 936 - Saving file to: pdf_folder/RZ429P-DL1242511CQ06906.html
2025-02-21 10:29:21,052 - INFO - 171 - Scheduler started
2025-02-21 10:29:23,000 - INFO - 57 - Missed run detected. Scheduling for 5 minutes later: 2025-02-21 05:04:23.000178+00:00
2025-02-21 10:29:23,207 - INFO - 885 - Added job "run_automated_scrape" to job store "default"
2025-02-21 10:29:23,208 - INFO - 84 - Scheduler initialized: interval=120m, next_run=2025-02-21 05:04:23.000178+00:00
2025-02-21 10:29:23,208 - ERROR - 104 - Failed to initialize indigo scheduler: Working outside of application context.

This typically means that you attempted to use functionality that needed
the current application. To solve this, set up an application context
with app.app_context(). See the documentation for more information.
2025-02-21 10:29:23,218 - ERROR - 105 - Traceback (most recent call last):
  File "C:\Users\yash chawla\Desktop\finkraft\webiste_monitor-beta\webiste_monitor-beta\indigo\server_routes.py", line 96, in initialize_indigo_scheduler
    g.socketio.emit('indigo_settings_updated', {
  File "C:\Users\yash chawla\AppData\Roaming\Python\Python310\site-packages\werkzeug\local.py", line 311, in __get__
    obj = instance._get_current_object()
  File "C:\Users\yash chawla\AppData\Roaming\Python\Python310\site-packages\werkzeug\local.py", line 508, in _get_current_object
    raise RuntimeError(unbound_message) from None
RuntimeError: Working outside of application context.

This typically means that you attempted to use functionality that needed
the current application. To solve this, set up an application context
with app.app_context(). See the documentation for more information.

2025-02-21 10:29:23,221 - INFO - 885 - Added job "init_indigo_routes.<locals>.cleanup_old_files" to job store "default"
2025-02-21 10:29:23,222 - INFO - 187 -  * Restarting with stat
2025-02-21 10:29:24,500 - INFO - 171 - Scheduler started
2025-02-21 10:29:26,223 - INFO - 885 - Added job "run_automated_scrape" to job store "default"
2025-02-21 10:29:26,238 - INFO - 84 - Scheduler initialized: interval=120m, next_run=2025-02-21 05:04:23.000178+00:00
2025-02-21 10:29:26,240 - INFO - 885 - Added job "init_indigo_routes.<locals>.cleanup_old_files" to job store "default"
2025-02-21 10:29:26,251 - WARNING - 187 -  * Debugger is active!
2025-02-21 10:29:26,271 - INFO - 187 -  * Debugger PIN: 102-012-166
2025-02-21 10:31:07,719 - ERROR - 635 - Error in request/get_invoice_ids: No invoice numbers found
2025-02-21 10:31:07,720 - ERROR - 637 - Error context: {'response': {'indigoGSTDetails': {'bookingDate': '0001-01-01 00:00:00', 'custEmail': 'sbtinvoice@gail.co.in', 'email': 'sbtinvoice@gail.co.in', 'error': None, 'errorCode': None, 'errorMessage': None, 'exemptedMsg': None, 'gSTEmail': None, 'gSTNumber': None, 'invoiceDetails': {'objInvoiceDetails': []}, 'invoiceEmail': None, 'invoiceNumber': None, 'isExempted': None, 'isIndigoSkin': False, 'isInvoiceDetailsValid': False, 'isTkPNR': False, 'nodataMsg': None, 'pNR': 'RZ429J'}}}
2025-02-21 10:31:08,067 - ERROR - 1246 - Scraper error: ERROR INVOICE ID PORTAL ISSUE
2025-02-21 10:31:08,067 - ERROR - 635 - Error in request/unknown: ERROR INVOICE ID PORTAL ISSUE
2025-02-21 10:31:08,068 - ERROR - 637 - Error context: {'data': {'Ticket/PNR': 'RZ429J', 'SSR_Email': 'sbtinvoice@gail.co.in'}, 'ssr_email': 'sbtinvoice@gail.co.in'}
2025-02-21 10:31:08,387 - ERROR - 602 - Failed to clean up folder C:\Users\yash chawla\Desktop\finkraft\webiste_monitor-beta\webiste_monitor-beta\indigo\temp: name 'shutil' is not defined
2025-02-21 10:31:08,388 - ERROR - 602 - Failed to clean up folder C:\Users\yash chawla\Desktop\finkraft\webiste_monitor-beta\webiste_monitor-beta\indigo\screenshots: name 'shutil' is not defined
2025-02-21 10:34:23,014 - INFO - 123 - Running job "run_automated_scrape (trigger: interval[2:00:00], next run at: 2025-02-21 07:04:23 UTC)" (scheduled at 2025-02-21 05:04:23.000178+00:00)
2025-02-21 10:34:23,014 - INFO - 123 - Running job "run_automated_scrape (trigger: interval[2:00:00], next run at: 2025-02-21 07:04:23 UTC)" (scheduled at 2025-02-21 05:04:23.000178+00:00)
2025-02-21 10:34:31,767 - ERROR - 635 - Error in request/get_invoice_ids: No invoice numbers found
2025-02-21 10:34:31,777 - ERROR - 637 - Error context: {'response': {'indigoGSTDetails': {'bookingDate': '0001-01-01 00:00:00', 'custEmail': 'sbtinvoice@gail.co.in', 'email': 'sbtinvoice@gail.co.in', 'error': None, 'errorCode': None, 'errorMessage': None, 'exemptedMsg': None, 'gSTEmail': None, 'gSTNumber': None, 'invoiceDetails': {'objInvoiceDetails': []}, 'invoiceEmail': None, 'invoiceNumber': None, 'isExempted': None, 'isIndigoSkin': False, 'isInvoiceDetailsValid': False, 'isTkPNR': False, 'nodataMsg': None, 'pNR': 'RZ429J'}}}
2025-02-21 10:34:32,190 - ERROR - 635 - Error in request/get_invoice_ids: No invoice numbers found
2025-02-21 10:34:32,204 - ERROR - 637 - Error context: {'response': {'indigoGSTDetails': {'bookingDate': '0001-01-01 00:00:00', 'custEmail': 'sbtinvoice@gail.co.in', 'email': 'sbtinvoice@gail.co.in', 'error': None, 'errorCode': None, 'errorMessage': None, 'exemptedMsg': None, 'gSTEmail': None, 'gSTNumber': None, 'invoiceDetails': {'objInvoiceDetails': []}, 'invoiceEmail': None, 'invoiceNumber': None, 'isExempted': None, 'isIndigoSkin': False, 'isInvoiceDetailsValid': False, 'isTkPNR': False, 'nodataMsg': None, 'pNR': 'RZ429J'}}}
2025-02-21 10:34:32,272 - ERROR - 1246 - Scraper error: ERROR INVOICE ID PORTAL ISSUE
2025-02-21 10:34:32,273 - ERROR - 635 - Error in request/unknown: ERROR INVOICE ID PORTAL ISSUE
2025-02-21 10:34:32,273 - ERROR - 637 - Error context: {'data': {'Ticket/PNR': 'RZ429J', 'SSR_Email': 'sbtinvoice@gail.co.in', 'Port': 24000}, 'ssr_email': 'sbtinvoice@gail.co.in'}
2025-02-21 10:34:32,566 - ERROR - 1246 - Scraper error: ERROR INVOICE ID PORTAL ISSUE
2025-02-21 10:34:32,566 - ERROR - 635 - Error in request/unknown: ERROR INVOICE ID PORTAL ISSUE
2025-02-21 10:34:32,567 - ERROR - 637 - Error context: {'data': {'Ticket/PNR': 'RZ429J', 'SSR_Email': 'sbtinvoice@gail.co.in', 'Port': 24000}, 'ssr_email': 'sbtinvoice@gail.co.in'}
2025-02-21 10:34:32,577 - ERROR - 602 - Failed to clean up folder C:\Users\yash chawla\Desktop\finkraft\webiste_monitor-beta\webiste_monitor-beta\indigo\temp: name 'shutil' is not defined
2025-02-21 10:34:32,577 - ERROR - 602 - Failed to clean up folder C:\Users\yash chawla\Desktop\finkraft\webiste_monitor-beta\webiste_monitor-beta\indigo\screenshots: name 'shutil' is not defined
2025-02-21 10:34:32,723 - INFO - 631 - Removed job indigo_auto_scrape
2025-02-21 10:34:32,724 - INFO - 885 - Added job "run_automated_scrape" to job store "default"
2025-02-21 10:34:32,725 - INFO - 84 - Scheduler initialized: interval=120m, next_run=2025-02-21 07:04:32.582005+00:00
2025-02-21 10:34:32,725 - INFO - 144 - Job "run_automated_scrape (trigger: interval[2:00:00], next run at: 2025-02-21 07:04:23 UTC)" executed successfully
2025-02-21 10:34:32,889 - ERROR - 602 - Failed to clean up folder C:\Users\yash chawla\Desktop\finkraft\webiste_monitor-beta\webiste_monitor-beta\indigo\temp: name 'shutil' is not defined
2025-02-21 10:34:32,890 - ERROR - 602 - Failed to clean up folder C:\Users\yash chawla\Desktop\finkraft\webiste_monitor-beta\webiste_monitor-beta\indigo\screenshots: name 'shutil' is not defined
2025-02-21 10:34:33,036 - INFO - 631 - Removed job indigo_auto_scrape
2025-02-21 10:34:33,037 - INFO - 885 - Added job "run_automated_scrape" to job store "default"
2025-02-21 10:34:33,037 - INFO - 84 - Scheduler initialized: interval=120m, next_run=2025-02-21 07:04:32.897579+00:00
2025-02-21 10:34:33,038 - INFO - 144 - Job "run_automated_scrape (trigger: interval[2:00:00], next run at: 2025-02-21 07:04:23 UTC)" executed successfully
2025-02-21 10:37:20,388 - INFO - 187 -  * Detected change in 'C:\\Users\\yash chawla\\Desktop\\finkraft\\webiste_monitor-beta\\webiste_monitor-beta\\indigo\\alliance_scrapper.py', reloading
2025-02-21 10:37:20,390 - INFO - 202 - Scheduler has been shut down
2025-02-21 10:37:20,391 - INFO - 457 - indigo scheduler shutdown complete
2025-02-21 10:37:22,584 - INFO - 187 -  * Restarting with stat
2025-02-21 10:37:27,500 - INFO - 171 - Scheduler started
2025-02-21 10:37:30,397 - INFO - 885 - Added job "run_automated_scrape" to job store "default"
2025-02-21 10:37:30,398 - INFO - 84 - Scheduler initialized: interval=120m, next_run=2025-02-21 07:04:32.897579+00:00
2025-02-21 10:37:30,398 - INFO - 885 - Added job "init_indigo_routes.<locals>.cleanup_old_files" to job store "default"
2025-02-21 10:37:30,399 - WARNING - 187 -  * Debugger is active!
2025-02-21 10:37:30,404 - INFO - 187 -  * Debugger PIN: 102-012-166
2025-02-21 10:41:04,874 - INFO - 187 -  * Detected change in 'C:\\Users\\yash chawla\\Desktop\\finkraft\\webiste_monitor-beta\\webiste_monitor-beta\\indigo\\alliance_scrapper.py', reloading
2025-02-21 10:41:04,876 - INFO - 202 - Scheduler has been shut down
2025-02-21 10:41:04,877 - INFO - 457 - indigo scheduler shutdown complete
2025-02-21 10:41:07,124 - INFO - 187 -  * Restarting with stat
2025-02-21 10:41:08,407 - INFO - 171 - Scheduler started
2025-02-21 10:41:09,845 - INFO - 885 - Added job "run_automated_scrape" to job store "default"
2025-02-21 10:41:09,846 - INFO - 84 - Scheduler initialized: interval=120m, next_run=2025-02-21 07:04:32.897579+00:00
2025-02-21 10:41:09,847 - INFO - 885 - Added job "init_indigo_routes.<locals>.cleanup_old_files" to job store "default"
2025-02-21 10:41:09,848 - WARNING - 187 -  * Debugger is active!
2025-02-21 10:41:09,852 - INFO - 187 -  * Debugger PIN: 102-012-166
2025-02-21 11:00:52,190 - INFO - 187 -  * Detected change in 'C:\\Users\\yash chawla\\Desktop\\finkraft\\webiste_monitor-beta\\webiste_monitor-beta\\indigo\\alliance_scrapper.py', reloading
2025-02-21 11:00:52,192 - INFO - 202 - Scheduler has been shut down
2025-02-21 11:00:52,193 - INFO - 457 - indigo scheduler shutdown complete
2025-02-21 11:00:54,436 - INFO - 187 -  * Restarting with stat
2025-02-21 11:00:56,992 - INFO - 171 - Scheduler started
2025-02-21 11:00:58,656 - INFO - 885 - Added job "run_automated_scrape" to job store "default"
2025-02-21 11:00:58,657 - INFO - 84 - Scheduler initialized: interval=120m, next_run=2025-02-21 07:04:32.897579+00:00
2025-02-21 11:00:58,657 - INFO - 885 - Added job "init_indigo_routes.<locals>.cleanup_old_files" to job store "default"
2025-02-21 11:00:58,658 - WARNING - 187 -  * Debugger is active!
2025-02-21 11:00:58,664 - INFO - 187 -  * Debugger PIN: 102-012-166
2025-02-21 11:01:14,498 - ERROR - 654 - Error in request/get_invoice_ids: No invoice numbers found
2025-02-21 11:01:14,499 - ERROR - 656 - Error context: {'response': {'indigoGSTDetails': {'bookingDate': '0001-01-01 00:00:00', 'custEmail': 'sbtinvoice@gail.co.in', 'email': 'sbtinvoice@gail.co.in', 'error': None, 'errorCode': None, 'errorMessage': None, 'exemptedMsg': None, 'gSTEmail': None, 'gSTNumber': None, 'invoiceDetails': {'objInvoiceDetails': []}, 'invoiceEmail': None, 'invoiceNumber': None, 'isExempted': None, 'isIndigoSkin': False, 'isInvoiceDetailsValid': False, 'isTkPNR': False, 'nodataMsg': None, 'pNR': 'RZ429J'}}}
2025-02-21 11:01:14,921 - ERROR - 1263 - Scraper error: ERROR INVOICE ID PORTAL ISSUE
2025-02-21 11:01:14,928 - ERROR - 654 - Error in request/get_invoice_ids: ERROR INVOICE ID PORTAL ISSUE
2025-02-21 11:01:14,942 - ERROR - 656 - Error context: {'data': {'Ticket/PNR': 'RZ429J', 'SSR_Email': 'sbtinvoice@gail.co.in'}, 'ssr_email': 'sbtinvoice@gail.co.in'}
2025-02-21 11:01:15,604 - ERROR - 617 - Failed to clean up folder C:\Users\yash chawla\Desktop\finkraft\webiste_monitor-beta\webiste_monitor-beta\indigo\temp: name 'shutil' is not defined
2025-02-21 11:01:15,606 - ERROR - 617 - Failed to clean up folder C:\Users\yash chawla\Desktop\finkraft\webiste_monitor-beta\webiste_monitor-beta\indigo\screenshots: name 'shutil' is not defined
2025-02-21 11:03:51,335 - INFO - 959 - Saving file to: pdf_folder/RZ429P-DL1242511CQ06906.html
2025-02-21 11:03:58,701 - INFO - 959 - Saving file to: pdf_folder/RZ429P-DL1242511CP03621.html
2025-02-21 11:04:06,338 - INFO - 959 - Saving file to: pdf_folder/RZ429P-DL2242511AK45493.html
2025-02-21 11:04:06,674 - ERROR - 617 - Failed to clean up folder C:\Users\yash chawla\Desktop\finkraft\webiste_monitor-beta\webiste_monitor-beta\indigo\temp: name 'shutil' is not defined
2025-02-21 11:04:06,675 - ERROR - 617 - Failed to clean up folder C:\Users\yash chawla\Desktop\finkraft\webiste_monitor-beta\webiste_monitor-beta\indigo\screenshots: name 'shutil' is not defined
2025-02-21 12:04:29,693 - INFO - 202 - Scheduler has been shut down
2025-02-21 12:04:29,698 - INFO - 457 - indigo scheduler shutdown complete
2025-02-21 12:04:31,968 - INFO - 202 - Scheduler has been shut down
2025-02-21 12:04:31,973 - INFO - 457 - indigo scheduler shutdown complete
