2025-01-23 15:36:33,189 - ERROR - Failed to send email | To: yash@kgrp.in | Subject: Website Down Alert - https://localhost:3000 | Error: 'NoneType' object has no attribute 'encode'
2025-01-23 15:36:34,541 - ERROR - Failed to send email | To: punit@kgrp.in | Subject: Website Down Alert - https://localhost:3000 | Error: 'NoneType' object has no attribute 'encode'
2025-01-23 15:38:46,952 - ERROR - Failed to send email | To: yash@kgrp.in | Subject: Website Down Alert - https://localhost:3000 | Error: 'NoneType' object has no attribute 'encode'
2025-01-23 15:38:48,519 - ERROR - Failed to send email | To: punit@kgrp.in | Subject: Website Down Alert - https://localhost:3000 | Error: 'NoneType' object has no attribute 'encode'
2025-01-23 15:39:39,288 - ERROR - Failed to send email | To: yash@kgrp.in | Subject: Website Down Alert - http://localhost:3000 | Error: 'NoneType' object has no attribute 'encode'
2025-01-23 15:39:40,647 - ERROR - Failed to send email | To: punit@kgrp.in | Subject: Website Down Alert - http://localhost:3000 | Error: 'NoneType' object has no attribute 'encode'
2025-01-23 15:43:33,789 - INFO - Email sent successfully | To: yash@kgrp.in | Subject: Website Down Alert - http://localhost:3000 | Type: DOWN
2025-01-23 15:43:35,530 - INFO - Email sent successfully | To: yash@kgrp.in | Subject: Website Down Alert - http://localhost:3000 | Type: DOWN
2025-01-23 15:43:36,890 - INFO - Email sent successfully | To: punit@kgrp.in | Subject: Website Down Alert - http://localhost:3000 | Type: DOWN
2025-01-23 15:43:38,559 - INFO - Email sent successfully | To: punit@kgrp.in | Subject: Website Down Alert - http://localhost:3000 | Type: DOWN
2025-01-23 15:44:46,842 - INFO - Email sent successfully | To: yash@kgrp.in | Subject: Website Down Alert - http://localhost:3000 | Type: DOWN
2025-01-23 15:44:48,198 - INFO - Email sent successfully | To: yash@kgrp.in | Subject: Website Down Alert - http://localhost:3000 | Type: DOWN
2025-01-23 15:44:50,616 - INFO - Email sent successfully | To: punit@kgrp.in | Subject: Website Down Alert - http://localhost:3000 | Type: DOWN
2025-01-23 15:44:51,597 - INFO - Email sent successfully | To: punit@kgrp.in | Subject: Website Down Alert - http://localhost:3000 | Type: DOWN
2025-01-23 16:23:23,596 - INFO - Email sent successfully | To: yash@kgrp.in | Subject: Website Down Alert - https://allianceair.co.in/gst/ | Type: DOWN
2025-01-23 16:23:27,038 - INFO - Email sent successfully | To: punit@kgrp.in | Subject: Website Down Alert - https://allianceair.co.in/gst/ | Type: DOWN
2025-01-23 18:15:31,364 - INFO - Email sent successfully | To: yash@kgrp.in | Subject: Website Down Alert - http://localhost:3000 | Type: DOWN
2025-01-23 18:15:34,610 - INFO - Email sent successfully | To: punit@kgrp.in | Subject: Website Down Alert - http://localhost:3000 | Type: DOWN
2025-01-23 18:15:47,040 - INFO - Email sent successfully | To: yash@kgrp.in | Subject: Website Down Alert - http://localhost:3000 | Type: DOWN
2025-01-23 18:15:50,522 - INFO - Email sent successfully | To: punit@kgrp.in | Subject: Website Down Alert - http://localhost:3000 | Type: DOWN
2025-01-23 18:16:03,232 - INFO - Email sent successfully | To: yash@kgrp.in | Subject: Website Down Alert - http://localhost:3000 | Type: DOWN
2025-01-23 18:16:06,253 - INFO - Email sent successfully | To: punit@kgrp.in | Subject: Website Down Alert - http://localhost:3000 | Type: DOWN
2025-01-23 18:16:19,134 - INFO - Email sent successfully | To: yash@kgrp.in | Subject: Website Down Alert - http://localhost:3000 | Type: DOWN
2025-01-23 18:16:21,862 - INFO - Email sent successfully | To: punit@kgrp.in | Subject: Website Down Alert - http://localhost:3000 | Type: DOWN
2025-01-23 18:16:33,867 - INFO - Email sent successfully | To: yash@kgrp.in | Subject: Website Down Alert - http://localhost:3000 | Type: DOWN
2025-01-23 18:16:36,648 - INFO - Email sent successfully | To: punit@kgrp.in | Subject: Website Down Alert - http://localhost:3000 | Type: DOWN
2025-01-23 18:16:49,022 - INFO - Email sent successfully | To: yash@kgrp.in | Subject: Website Down Alert - http://localhost:3000 | Type: DOWN
2025-01-23 18:16:51,867 - INFO - Email sent successfully | To: punit@kgrp.in | Subject: Website Down Alert - http://localhost:3000 | Type: DOWN
2025-01-23 18:17:04,345 - INFO - Email sent successfully | To: yash@kgrp.in | Subject: Website Down Alert - http://localhost:3000 | Type: DOWN
2025-01-23 18:17:07,154 - INFO - Email sent successfully | To: punit@kgrp.in | Subject: Website Down Alert - http://localhost:3000 | Type: DOWN
2025-01-23 18:17:19,444 - INFO - Email sent successfully | To: yash@kgrp.in | Subject: Website Down Alert - http://localhost:3000 | Type: DOWN
2025-01-23 18:17:22,223 - INFO - Email sent successfully | To: punit@kgrp.in | Subject: Website Down Alert - http://localhost:3000 | Type: DOWN
2025-01-23 18:17:34,950 - INFO - Email sent successfully | To: yash@kgrp.in | Subject: Website Down Alert - http://localhost:3000 | Type: DOWN
2025-01-23 18:17:38,017 - INFO - Email sent successfully | To: punit@kgrp.in | Subject: Website Down Alert - http://localhost:3000 | Type: DOWN
2025-01-23 18:17:50,331 - INFO - Email sent successfully | To: yash@kgrp.in | Subject: Website Down Alert - http://localhost:3000 | Type: DOWN
2025-01-23 18:17:53,161 - INFO - Email sent successfully | To: punit@kgrp.in | Subject: Website Down Alert - http://localhost:3000 | Type: DOWN
2025-01-23 18:18:05,922 - INFO - Email sent successfully | To: yash@kgrp.in | Subject: Website Down Alert - http://localhost:3000 | Type: DOWN
2025-01-23 18:18:09,070 - INFO - Email sent successfully | To: punit@kgrp.in | Subject: Website Down Alert - http://localhost:3000 | Type: DOWN
2025-01-23 18:18:22,029 - INFO - Email sent successfully | To: yash@kgrp.in | Subject: Website Down Alert - http://localhost:3000 | Type: DOWN
2025-01-23 18:18:25,075 - INFO - Email sent successfully | To: punit@kgrp.in | Subject: Website Down Alert - http://localhost:3000 | Type: DOWN
2025-01-23 18:18:38,055 - INFO - Email sent successfully | To: yash@kgrp.in | Subject: Website Down Alert - http://localhost:3000 | Type: DOWN
2025-01-23 18:18:41,051 - INFO - Email sent successfully | To: punit@kgrp.in | Subject: Website Down Alert - http://localhost:3000 | Type: DOWN
2025-01-23 18:18:53,470 - INFO - Email sent successfully | To: yash@kgrp.in | Subject: Website Down Alert - http://localhost:3000 | Type: DOWN
2025-01-23 18:18:56,313 - INFO - Email sent successfully | To: punit@kgrp.in | Subject: Website Down Alert - http://localhost:3000 | Type: DOWN
2025-01-23 18:19:08,866 - INFO - Email sent successfully | To: yash@kgrp.in | Subject: Website Down Alert - http://localhost:3000 | Type: DOWN
2025-01-23 18:19:11,721 - INFO - Email sent successfully | To: punit@kgrp.in | Subject: Website Down Alert - http://localhost:3000 | Type: DOWN
2025-01-23 18:19:27,758 - INFO - Email sent successfully | To: yash@kgrp.in | Subject: Website Down Alert - http://localhost:3000 | Type: DOWN
2025-01-23 18:19:30,961 - INFO - Email sent successfully | To: punit@kgrp.in | Subject: Website Down Alert - http://localhost:3000 | Type: DOWN
2025-01-23 18:19:49,622 - INFO - Email sent successfully | To: yash@kgrp.in | Subject: Website Down Alert - http://localhost:3000 | Type: DOWN
2025-01-23 18:19:52,493 - INFO - Email sent successfully | To: punit@kgrp.in | Subject: Website Down Alert - http://localhost:3000 | Type: DOWN
2025-01-23 18:20:05,978 - INFO - Email sent successfully | To: yash@kgrp.in | Subject: Website Down Alert - http://localhost:3000 | Type: DOWN
2025-01-23 18:20:08,980 - INFO - Email sent successfully | To: punit@kgrp.in | Subject: Website Down Alert - http://localhost:3000 | Type: DOWN
2025-01-23 18:20:21,689 - INFO - Email sent successfully | To: yash@kgrp.in | Subject: Website Down Alert - http://localhost:3000 | Type: DOWN
2025-01-23 18:20:24,619 - INFO - Email sent successfully | To: punit@kgrp.in | Subject: Website Down Alert - http://localhost:3000 | Type: DOWN
2025-01-23 18:20:38,024 - INFO - Email sent successfully | To: yash@kgrp.in | Subject: Website Down Alert - http://localhost:3000 | Type: DOWN
2025-01-23 18:20:42,488 - INFO - Email sent successfully | To: punit@kgrp.in | Subject: Website Down Alert - http://localhost:3000 | Type: DOWN
2025-01-23 18:20:54,758 - INFO - Email sent successfully | To: yash@kgrp.in | Subject: Website Down Alert - http://localhost:3000 | Type: DOWN
2025-01-23 18:20:58,394 - INFO - Email sent successfully | To: punit@kgrp.in | Subject: Website Down Alert - http://localhost:3000 | Type: DOWN
2025-01-23 18:21:11,751 - INFO - Email sent successfully | To: yash@kgrp.in | Subject: Website Down Alert - http://localhost:3000 | Type: DOWN
2025-01-23 18:21:14,601 - INFO - Email sent successfully | To: punit@kgrp.in | Subject: Website Down Alert - http://localhost:3000 | Type: DOWN
2025-01-23 18:21:27,106 - INFO - Email sent successfully | To: yash@kgrp.in | Subject: Website Down Alert - http://localhost:3000 | Type: DOWN
2025-01-23 18:21:29,880 - INFO - Email sent successfully | To: punit@kgrp.in | Subject: Website Down Alert - http://localhost:3000 | Type: DOWN
2025-01-23 18:21:42,562 - INFO - Email sent successfully | To: yash@kgrp.in | Subject: Website Down Alert - http://localhost:3000 | Type: DOWN
2025-01-23 18:21:45,316 - INFO - Email sent successfully | To: punit@kgrp.in | Subject: Website Down Alert - http://localhost:3000 | Type: DOWN
2025-01-23 18:21:57,912 - INFO - Email sent successfully | To: yash@kgrp.in | Subject: Website Down Alert - http://localhost:3000 | Type: DOWN
2025-01-23 18:22:01,012 - INFO - Email sent successfully | To: punit@kgrp.in | Subject: Website Down Alert - http://localhost:3000 | Type: DOWN
2025-01-23 18:22:13,680 - INFO - Email sent successfully | To: yash@kgrp.in | Subject: Website Down Alert - http://localhost:3000 | Type: DOWN
2025-01-23 18:22:16,509 - INFO - Email sent successfully | To: punit@kgrp.in | Subject: Website Down Alert - http://localhost:3000 | Type: DOWN
2025-01-23 18:33:33,085 - ERROR - Failed to send email | To: y | Subject: Website Down Alert - http://localhost:3000 | Error: {'y': (553, b'5.1.3 The recipient address <y> is not a valid RFC 5321 address. For more\n5.1.3 information, go to\n5.1.3  https://support.google.com/a/answer/3221692 and review RFC 5321\n5.1.3 specifications. d2e1a72fcca58-72dab7f0877sm13052312b3a.23 - gsmtp')}
2025-01-23 18:33:35,504 - ERROR - Failed to send email | To: a | Subject: Website Down Alert - http://localhost:3000 | Error: {'a': (553, b'5.1.3 The recipient address <a> is not a valid RFC 5321 address. For more\n5.1.3 information, go to\n5.1.3  https://support.google.com/a/answer/3221692 and review RFC 5321\n5.1.3 specifications. d9443c01a7336-21c2d3e14c5sm112716725ad.184 - gsmtp')}
2025-01-23 18:33:37,415 - ERROR - Failed to send email | To: s | Subject: Website Down Alert - http://localhost:3000 | Error: {'s': (553, b'5.1.3 The recipient address <s> is not a valid RFC 5321 address. For more\n5.1.3 information, go to\n5.1.3  https://support.google.com/a/answer/3221692 and review RFC 5321\n5.1.3 specifications. d9443c01a7336-21c2ceb9adfsm111990715ad.81 - gsmtp')}
2025-01-23 18:33:39,326 - ERROR - Failed to send email | To: h | Subject: Website Down Alert - http://localhost:3000 | Error: {'h': (553, b'5.1.3 The recipient address <h> is not a valid RFC 5321 address. For more\n5.1.3 information, go to\n5.1.3  https://support.google.com/a/answer/3221692 and review RFC 5321\n5.1.3 specifications. 41be03b00d2f7-a9bdf0b4503sm10868013a12.67 - gsmtp')}
2025-01-23 18:33:41,212 - ERROR - Failed to send email | To: @ | Subject: Website Down Alert - http://localhost:3000 | Error: {'': (555, b'5.5.2 Syntax error, cannot decode response. For more information, go to\n5.5.2  https://support.google.com/a/answer/3221692 and review RFC 5321\n5.5.2 specifications. d9443c01a7336-21c2cea2e94sm112227535ad.28 - gsmtp')}
2025-01-23 18:33:43,121 - ERROR - Failed to send email | To: k | Subject: Website Down Alert - http://localhost:3000 | Error: {'k': (553, b'5.1.3 The recipient address <k> is not a valid RFC 5321 address. For more\n5.1.3 information, go to\n5.1.3  https://support.google.com/a/answer/3221692 and review RFC 5321\n5.1.3 specifications. d2e1a72fcca58-72dab7f09besm12929373b3a.27 - gsmtp')}
2025-01-23 18:33:45,012 - ERROR - Failed to send email | To: g | Subject: Website Down Alert - http://localhost:3000 | Error: {'g': (553, b'5.1.3 The recipient address <g> is not a valid RFC 5321 address. For more\n5.1.3 information, go to\n5.1.3  https://support.google.com/a/answer/3221692 and review RFC 5321\n5.1.3 specifications. 98e67ed59e1d1-2f7e6a6595bsm3864032a91.9 - gsmtp')}
2025-01-23 18:33:46,954 - ERROR - Failed to send email | To: r | Subject: Website Down Alert - http://localhost:3000 | Error: {'r': (553, b'5.1.3 The recipient address <r> is not a valid RFC 5321 address. For more\n5.1.3 information, go to\n5.1.3  https://support.google.com/a/answer/3221692 and review RFC 5321\n5.1.3 specifications. d9443c01a7336-21c2d3a8a2bsm112931295ad.142 - gsmtp')}
2025-01-23 18:33:48,884 - ERROR - Failed to send email | To: p | Subject: Website Down Alert - http://localhost:3000 | Error: {'p': (553, b'5.1.3 The recipient address <p> is not a valid RFC 5321 address. For more\n5.1.3 information, go to\n5.1.3  https://support.google.com/a/answer/3221692 and review RFC 5321\n5.1.3 specifications. d9443c01a7336-21c2d3ace6asm111396165ad.125 - gsmtp')}
2025-01-23 18:33:50,795 - ERROR - Failed to send email | To: . | Subject: Website Down Alert - http://localhost:3000 | Error: {'.': (553, b'5.1.3 The recipient address <.> is not a valid RFC 5321 address. For more\n5.1.3 information, go to\n5.1.3  https://support.google.com/a/answer/3221692 and review RFC 5321\n5.1.3 specifications. d9443c01a7336-21c2d3a908asm112032285ad.150 - gsmtp')}
2025-01-23 18:33:52,746 - ERROR - Failed to send email | To: i | Subject: Website Down Alert - http://localhost:3000 | Error: {'i': (553, b'5.1.3 The recipient address <i> is not a valid RFC 5321 address. For more\n5.1.3 information, go to\n5.1.3  https://support.google.com/a/answer/3221692 and review RFC 5321\n5.1.3 specifications. d9443c01a7336-21c2d3a87e4sm113783635ad.111 - gsmtp')}
2025-01-23 18:33:54,815 - ERROR - Failed to send email | To: n | Subject: Website Down Alert - http://localhost:3000 | Error: {'n': (553, b'5.1.3 The recipient address <n> is not a valid RFC 5321 address. For more\n5.1.3 information, go to\n5.1.3  https://support.google.com/a/answer/3221692 and review RFC 5321\n5.1.3 specifications. d2e1a72fcca58-72dab9c8eafsm13491903b3a.105 - gsmtp')}
2025-01-23 18:38:12,369 - INFO - Email sent successfully | To: yash@kgrp.in | Subject: Website Recovered - http://localhost:3000 | Type: UP
2025-01-23 18:38:15,579 - INFO - Email sent successfully | To: punit@kgrp.in | Subject: Website Recovered - http://localhost:3000 | Type: UP
2025-01-23 18:46:54,906 - INFO - Email sent successfully | To: yash@kgrp.in | Subject: Website Down Alert - http://localhost:3000 | Type: DOWN
2025-01-23 18:46:58,325 - INFO - Email sent successfully | To: punit@kgrp.in | Subject: Website Down Alert - http://localhost:3000 | Type: DOWN
2025-01-24 13:43:25,067 - INFO - Email sent successfully | To: yash@kgrp.in | Subject: Website Down Alert - https://www.unitedindiagst.com/invoice-list.php | Type: DOWN
2025-01-24 13:43:25,192 - INFO - Email sent successfully | To: yash@kgrp.in | Subject: Website Down Alert - https://www.unitedindiagst.com/invoice-list.php | Type: DOWN
2025-01-24 13:43:27,999 - INFO - Email sent successfully | To: punit@kgrp.in | Subject: Website Down Alert - https://www.unitedindiagst.com/invoice-list.php | Type: DOWN
2025-01-24 13:43:28,178 - INFO - Email sent successfully | To: punit@kgrp.in | Subject: Website Down Alert - https://www.unitedindiagst.com/invoice-list.php | Type: DOWN
2025-01-24 13:44:50,923 - INFO - Email sent successfully | To: yash@kgrp.in | Subject: Website Recovered - https://www.unitedindiagst.com/invoice-list.php | Type: UP
2025-01-24 13:44:51,050 - INFO - Email sent successfully | To: yash@kgrp.in | Subject: Website Recovered - https://www.unitedindiagst.com/invoice-list.php | Type: UP
2025-01-24 13:44:54,142 - INFO - Email sent successfully | To: punit@kgrp.in | Subject: Website Recovered - https://www.unitedindiagst.com/invoice-list.php | Type: UP
2025-01-24 13:44:54,315 - INFO - Email sent successfully | To: punit@kgrp.in | Subject: Website Recovered - https://www.unitedindiagst.com/invoice-list.php | Type: UP
2025-01-24 14:04:25,188 - INFO - Email sent successfully | To: yash@kgrp.in | Subject: Website Down Alert - https://allianceair.co.in/gst/ | Type: DOWN
2025-01-24 14:04:28,021 - INFO - Email sent successfully | To: punit@kgrp.in | Subject: Website Down Alert - https://allianceair.co.in/gst/ | Type: DOWN
2025-01-24 14:04:39,093 - INFO - Email sent successfully | To: yash@kgrp.in | Subject: Website Recovered - https://allianceair.co.in/gst/ | Type: UP
2025-01-24 14:04:46,384 - INFO - Email sent successfully | To: punit@kgrp.in | Subject: Website Recovered - https://allianceair.co.in/gst/ | Type: UP
2025-01-24 14:07:47,588 - INFO - Email sent successfully | To: yash@kgrp.in | Subject: Website Down Alert - https://etihad.supertaxgst.in/guestinvoices | Type: DOWN
2025-01-24 14:07:50,911 - INFO - Email sent successfully | To: punit@kgrp.in | Subject: Website Down Alert - https://etihad.supertaxgst.in/guestinvoices | Type: DOWN
2025-01-24 14:08:08,253 - INFO - Email sent successfully | To: yash@kgrp.in | Subject: Website Recovered - https://etihad.supertaxgst.in/guestinvoices | Type: UP
2025-01-24 14:08:11,181 - INFO - Email sent successfully | To: punit@kgrp.in | Subject: Website Recovered - https://etihad.supertaxgst.in/guestinvoices | Type: UP
2025-01-24 14:29:15,363 - INFO - Email sent successfully | To: yash@kgrp.in | Subject: Website Down Alert - https://www.unitedindiagst.com/invoice-list.php | Type: DOWN
2025-01-24 14:29:18,121 - INFO - Email sent successfully | To: punit@kgrp.in | Subject: Website Down Alert - https://www.unitedindiagst.com/invoice-list.php | Type: DOWN
2025-01-24 14:29:27,096 - INFO - Email sent successfully | To: yash@kgrp.in | Subject: Website Recovered - https://www.unitedindiagst.com/invoice-list.php | Type: UP
2025-01-24 14:29:29,834 - INFO - Email sent successfully | To: punit@kgrp.in | Subject: Website Recovered - https://www.unitedindiagst.com/invoice-list.php | Type: UP
2025-01-24 14:48:09,065 - INFO - Email sent successfully | To: yash@kgrp.in | Subject: Website Down Alert - https://starair.in/customer/gstinvoice | Type: DOWN
2025-01-24 14:48:11,806 - INFO - Email sent successfully | To: punit@kgrp.in | Subject: Website Down Alert - https://starair.in/customer/gstinvoice | Type: DOWN
2025-01-24 14:48:19,774 - INFO - Email sent successfully | To: yash@kgrp.in | Subject: Website Recovered - https://starair.in/customer/gstinvoice | Type: UP
2025-01-24 14:48:22,454 - INFO - Email sent successfully | To: punit@kgrp.in | Subject: Website Recovered - https://starair.in/customer/gstinvoice | Type: UP
2025-01-24 15:00:47,929 - INFO - Email sent successfully | To: yash@kgrp.in | Subject: Website Down Alert - https://www.unitedindiagst.com/invoice-list.php | Type: DOWN
2025-01-24 15:00:48,509 - INFO - Email sent successfully | To: yash@kgrp.in | Subject: Website Down Alert - https://www.unitedindiagst.com/invoice-list.php | Type: DOWN
2025-01-24 15:00:50,683 - INFO - Email sent successfully | To: punit@kgrp.in | Subject: Website Down Alert - https://www.unitedindiagst.com/invoice-list.php | Type: DOWN
2025-01-24 15:00:51,377 - INFO - Email sent successfully | To: punit@kgrp.in | Subject: Website Down Alert - https://www.unitedindiagst.com/invoice-list.php | Type: DOWN
2025-01-24 15:01:00,205 - INFO - Email sent successfully | To: yash@kgrp.in | Subject: Website Recovered - https://www.unitedindiagst.com/invoice-list.php | Type: UP
2025-01-24 15:01:00,456 - INFO - Email sent successfully | To: yash@kgrp.in | Subject: Website Recovered - https://www.unitedindiagst.com/invoice-list.php | Type: UP
2025-01-24 15:01:03,114 - INFO - Email sent successfully | To: punit@kgrp.in | Subject: Website Recovered - https://www.unitedindiagst.com/invoice-list.php | Type: UP
2025-01-24 15:01:03,330 - INFO - Email sent successfully | To: punit@kgrp.in | Subject: Website Recovered - https://www.unitedindiagst.com/invoice-list.php | Type: UP
2025-01-24 15:48:39,936 - ERROR - Failed to send email | To: yash@kgrp.in | Subject: Website Down Alert - https://www.goindigo.in/view-gst-invoice | Error: [Errno 11001] getaddrinfo failed
2025-01-24 15:48:39,936 - ERROR - Failed to send email | To: yash@kgrp.in | Subject: Website Down Alert - https://www.goindigo.in/view-gst-invoice | Error: [Errno 11001] getaddrinfo failed
2025-01-24 15:48:51,976 - ERROR - Failed to send email | To: punit@kgrp.in | Subject: Website Down Alert - https://www.goindigo.in/view-gst-invoice | Error: [Errno 11001] getaddrinfo failed
2025-01-24 15:48:51,976 - ERROR - Failed to send email | To: punit@kgrp.in | Subject: Website Down Alert - https://www.goindigo.in/view-gst-invoice | Error: [Errno 11001] getaddrinfo failed
2025-01-24 15:48:58,105 - INFO - Email sent successfully | To: yash@kgrp.in | Subject: Website Down Alert - https://etihad.supertaxgst.in/guestinvoices | Type: DOWN
2025-01-24 15:48:58,566 - INFO - Email sent successfully | To: yash@kgrp.in | Subject: Website Down Alert - https://etihad.supertaxgst.in/guestinvoices | Type: DOWN
2025-01-24 15:49:01,178 - INFO - Email sent successfully | To: punit@kgrp.in | Subject: Website Down Alert - https://etihad.supertaxgst.in/guestinvoices | Type: DOWN
2025-01-24 15:49:02,728 - INFO - Email sent successfully | To: punit@kgrp.in | Subject: Website Down Alert - https://etihad.supertaxgst.in/guestinvoices | Type: DOWN
2025-01-24 15:49:09,407 - INFO - Email sent successfully | To: yash@kgrp.in | Subject: Website Recovered - https://www.goindigo.in/view-gst-invoice | Type: UP
2025-01-24 15:49:09,556 - INFO - Email sent successfully | To: yash@kgrp.in | Subject: Website Recovered - https://www.goindigo.in/view-gst-invoice | Type: UP
2025-01-24 15:49:12,410 - INFO - Email sent successfully | To: punit@kgrp.in | Subject: Website Recovered - https://www.goindigo.in/view-gst-invoice | Type: UP
2025-01-24 15:49:13,056 - INFO - Email sent successfully | To: punit@kgrp.in | Subject: Website Recovered - https://www.goindigo.in/view-gst-invoice | Type: UP
2025-01-24 15:49:17,079 - INFO - Email sent successfully | To: yash@kgrp.in | Subject: Website Recovered - https://etihad.supertaxgst.in/guestinvoices | Type: UP
2025-01-24 15:49:22,799 - INFO - Email sent successfully | To: yash@kgrp.in | Subject: Website Recovered - https://etihad.supertaxgst.in/guestinvoices | Type: UP
2025-01-24 15:49:25,361 - INFO - Email sent successfully | To: punit@kgrp.in | Subject: Website Recovered - https://etihad.supertaxgst.in/guestinvoices | Type: UP
2025-01-24 15:49:26,493 - INFO - Email sent successfully | To: punit@kgrp.in | Subject: Website Recovered - https://etihad.supertaxgst.in/guestinvoices | Type: UP
2025-01-24 15:52:41,973 - INFO - Email sent successfully | To: yash@kgrp.in | Subject: Website Down Alert - https://etihad.supertaxgst.in/guestinvoices | Type: DOWN
2025-01-24 15:52:43,976 - INFO - Email sent successfully | To: yash@kgrp.in | Subject: Website Down Alert - https://www.unitedindiagst.com/invoice-list.php | Type: DOWN
2025-01-24 15:52:45,126 - INFO - Email sent successfully | To: punit@kgrp.in | Subject: Website Down Alert - https://etihad.supertaxgst.in/guestinvoices | Type: DOWN
2025-01-24 15:52:47,058 - INFO - Email sent successfully | To: punit@kgrp.in | Subject: Website Down Alert - https://www.unitedindiagst.com/invoice-list.php | Type: DOWN
2025-01-24 15:52:53,977 - INFO - Email sent successfully | To: yash@kgrp.in | Subject: Website Recovered - https://etihad.supertaxgst.in/guestinvoices | Type: UP
2025-01-24 15:52:55,840 - INFO - Email sent successfully | To: yash@kgrp.in | Subject: Website Recovered - https://www.unitedindiagst.com/invoice-list.php | Type: UP
2025-01-24 15:52:56,804 - INFO - Email sent successfully | To: punit@kgrp.in | Subject: Website Recovered - https://etihad.supertaxgst.in/guestinvoices | Type: UP
2025-01-24 15:52:58,640 - INFO - Email sent successfully | To: punit@kgrp.in | Subject: Website Recovered - https://www.unitedindiagst.com/invoice-list.php | Type: UP
2025-01-24 15:53:13,110 - INFO - Email sent successfully | To: yash@kgrp.in | Subject: Website Down Alert - https://etihad.supertaxgst.in/guestinvoices | Type: DOWN
2025-01-24 15:53:15,931 - INFO - Email sent successfully | To: punit@kgrp.in | Subject: Website Down Alert - https://etihad.supertaxgst.in/guestinvoices | Type: DOWN
2025-01-24 15:53:25,094 - INFO - Email sent successfully | To: yash@kgrp.in | Subject: Website Recovered - https://etihad.supertaxgst.in/guestinvoices | Type: UP
2025-01-24 15:53:27,960 - INFO - Email sent successfully | To: punit@kgrp.in | Subject: Website Recovered - https://etihad.supertaxgst.in/guestinvoices | Type: UP
2025-01-24 18:19:47,049 - INFO - Email sent successfully | To: yash@kgrp.in | Subject: Website Down Alert - https://starair.in/customer/gstinvoice | Type: DOWN
2025-01-24 18:19:49,844 - INFO - Email sent successfully | To: punit@kgrp.in | Subject: Website Down Alert - https://starair.in/customer/gstinvoice | Type: DOWN
2025-01-27 16:37:12,912 - INFO - Email sent successfully | To: yash@kgrp.in | Subject: Website Down Alert - https://etihad.supertaxgst.in/guestinvoices | Type: DOWN
2025-01-27 16:37:21,439 - INFO - Email sent successfully | To: yash@kgrp.in | Subject: Website Recovered - https://etihad.supertaxgst.in/guestinvoices | Type: UP
2025-01-27 17:22:08,601 - INFO - Email sent successfully | To: yash@kgrp.in | Subject: Website Down Alert - https://etihad.supertaxgst.in/guestinvoices | Type: DOWN
2025-01-27 19:35:29,348 - INFO - Email sent successfully | To: yash@kgrp.in | Subject: Website Down Alert - https://www.unitedindiagst.com/invoice-list.php | Type: DOWN
2025-01-27 19:35:30,186 - INFO - Email sent successfully | To: yash@kgrp.in | Subject: Website Down Alert - https://www.unitedindiagst.com/invoice-list.php | Type: DOWN
2025-01-27 19:35:37,958 - INFO - Email sent successfully | To: yash@kgrp.in | Subject: Website Recovered - https://www.unitedindiagst.com/invoice-list.php | Type: UP
2025-01-27 19:35:39,640 - INFO - Email sent successfully | To: yash@kgrp.in | Subject: Website Recovered - https://www.unitedindiagst.com/invoice-list.php | Type: UP
2025-01-28 10:37:08,521 - INFO - Email sent successfully | To: yash@kgrp.in | Subject: Website Down Alert - https://www.unitedindiagst.com/invoice-list.php | Type: DOWN
2025-01-28 10:37:11,495 - INFO - Email sent successfully | To: yash@kgrp.in | Subject: Website Down Alert - https://www.unitedindiagst.com/invoice-list.php | Type: DOWN
2025-01-28 10:37:16,663 - INFO - Email sent successfully | To: yash@kgrp.in | Subject: Website Recovered - https://www.unitedindiagst.com/invoice-list.php | Type: UP
2025-01-28 10:37:19,822 - INFO - Email sent successfully | To: yash@kgrp.in | Subject: Website Recovered - https://www.unitedindiagst.com/invoice-list.php | Type: UP
2025-01-28 11:35:47,306 - INFO - Email sent successfully | To: yash@kgrp.in | Subject: Website Down Alert - https://etihad.supertaxgst.in/guestinvoices | Type: DOWN
2025-01-28 11:36:00,174 - INFO - Email sent successfully | To: yash@kgrp.in | Subject: Website Recovered - https://etihad.supertaxgst.in/guestinvoices | Type: UP
2025-01-28 11:36:44,930 - INFO - Email sent successfully | To: yash@kgrp.in | Subject: Website Down Alert - https://allianceair.co.in/gst/ | Type: DOWN
2025-01-28 11:37:06,932 - INFO - Email sent successfully | To: yash@kgrp.in | Subject: Website Down Alert - https://starair.in/customer/gstinvoice | Type: DOWN
2025-01-28 11:37:14,315 - INFO - Email sent successfully | To: yash@kgrp.in | Subject: Website Recovered - https://allianceair.co.in/gst/ | Type: UP
2025-01-28 11:37:27,070 - INFO - Email sent successfully | To: yash@kgrp.in | Subject: Website Down Alert - https://etihad.supertaxgst.in/guestinvoices | Type: DOWN
2025-01-28 11:37:36,110 - INFO - Email sent successfully | To: yash@kgrp.in | Subject: Website Recovered - https://starair.in/customer/gstinvoice | Type: UP
2025-01-28 11:37:44,760 - INFO - Email sent successfully | To: yash@kgrp.in | Subject: Website Recovered - https://etihad.supertaxgst.in/guestinvoices | Type: UP
2025-01-28 11:55:56,330 - INFO - Email sent successfully | To: yash@kgrp.in | Subject: Website Down Alert - https://www.unitedindiagst.com/invoice-list.php | Type: DOWN
2025-01-28 11:56:04,557 - INFO - Email sent successfully | To: yash@kgrp.in | Subject: Website Recovered - https://www.unitedindiagst.com/invoice-list.php | Type: UP
2025-01-28 12:18:34,272 - INFO - Email sent successfully | To: yash@kgrp.in | Subject: Website Down Alert - https://gst.spicejet.com/gstdownload/GSTHandler.ashx | Type: DOWN
2025-01-28 12:18:45,481 - INFO - Email sent successfully | To: yash@kgrp.in | Subject: Website Recovered - https://gst.spicejet.com/gstdownload/GSTHandler.ashx | Type: UP
2025-01-28 13:47:27,193 - INFO - Email sent successfully | To: yash@kgrp.in | Subject: Website Down Alert - https://etihad.supertaxgst.in/guestinvoices | Type: DOWN
2025-01-28 13:47:36,046 - INFO - Email sent successfully | To: yash@kgrp.in | Subject: Website Recovered - https://etihad.supertaxgst.in/guestinvoices | Type: UP
2025-01-28 14:48:06,530 - INFO - Email sent successfully | To: yash@kgrp.in | Subject: Website Down Alert - https://www.goindigo.in/view-gst-invoice | Type: DOWN
2025-01-28 14:48:15,196 - INFO - Email sent successfully | To: yash@kgrp.in | Subject: Website Recovered - https://www.goindigo.in/view-gst-invoice | Type: UP
2025-01-28 14:53:02,575 - INFO - Email sent successfully | To: yash@kgrp.in | Subject: Website Down Alert - https://www.unitedindiagst.com/invoice-list.php | Type: DOWN
2025-01-28 14:53:11,188 - INFO - Email sent successfully | To: yash@kgrp.in | Subject: Website Recovered - https://www.unitedindiagst.com/invoice-list.php | Type: UP
2025-01-28 14:54:25,896 - INFO - Email sent successfully | To: yash@kgrp.in | Subject: Website Down Alert - https://www.unitedindiagst.com/invoice-list.php | Type: DOWN
2025-01-28 14:54:35,246 - INFO - Email sent successfully | To: yash@kgrp.in | Subject: Website Recovered - https://www.unitedindiagst.com/invoice-list.php | Type: UP
2025-01-28 14:55:16,837 - INFO - Email sent successfully | To: yash@kgrp.in | Subject: Website Down Alert - https://gst.airindia.com/portal/index.html | Type: DOWN
2025-01-28 14:55:31,875 - INFO - Email sent successfully | To: yash@kgrp.in | Subject: Website Down Alert - https://www.unitedindiagst.com/invoice-list.php | Type: DOWN
2025-01-28 14:55:40,228 - INFO - Email sent successfully | To: yash@kgrp.in | Subject: Website Recovered - https://www.unitedindiagst.com/invoice-list.php | Type: UP
2025-01-28 14:56:27,608 - INFO - Email sent successfully | To: yash@kgrp.in | Subject: Website Recovered - https://gst.airindia.com/portal/index.html | Type: UP
2025-01-28 15:06:48,970 - INFO - Email sent successfully | To: yash@kgrp.in | Subject: Website Down Alert - https://www.unitedindiagst.com/invoice-list.php | Type: DOWN
2025-01-28 15:06:51,954 - INFO - Email sent successfully | To: yash@kgrp.in | Subject: Website Down Alert - https://www.unitedindiagst.com/invoice-list.php | Type: DOWN
2025-01-28 15:06:57,585 - INFO - Email sent successfully | To: yash@kgrp.in | Subject: Website Recovered - https://www.unitedindiagst.com/invoice-list.php | Type: UP
2025-01-28 15:07:00,545 - INFO - Email sent successfully | To: yash@kgrp.in | Subject: Website Recovered - https://www.unitedindiagst.com/invoice-list.php | Type: UP
2025-01-28 15:54:33,369 - INFO - Email sent successfully | To: yash@kgrp.in | Subject: Website Down Alert - https://allianceair.co.in/gst/ | Type: DOWN
2025-01-28 15:54:42,377 - INFO - Email sent successfully | To: yash@kgrp.in | Subject: Website Recovered - https://allianceair.co.in/gst/ | Type: UP
2025-01-28 16:03:07,275 - INFO - Email sent successfully | To: yash@kgrp.in | Subject: Website Down Alert - https://www.unitedindiagst.com/invoice-list.php | Type: DOWN
2025-01-28 16:03:07,474 - INFO - Email sent successfully | To: yash@kgrp.in | Subject: Website Down Alert - https://www.unitedindiagst.com/invoice-list.php | Type: DOWN
2025-01-28 16:03:23,211 - INFO - Email sent successfully | To: yash@kgrp.in | Subject: Website Recovered - https://www.unitedindiagst.com/invoice-list.php | Type: UP
2025-01-28 16:03:29,996 - INFO - Email sent successfully | To: yash@kgrp.in | Subject: Website Recovered - https://www.unitedindiagst.com/invoice-list.php | Type: UP
2025-01-28 16:04:23,840 - INFO - Email sent successfully | To: yash@kgrp.in | Subject: Website Down Alert - https://www.unitedindiagst.com/invoice-list.php | Type: DOWN
2025-01-28 16:04:24,054 - INFO - Email sent successfully | To: yash@kgrp.in | Subject: Website Down Alert - https://www.unitedindiagst.com/invoice-list.php | Type: DOWN
2025-01-28 16:04:32,387 - INFO - Email sent successfully | To: yash@kgrp.in | Subject: Website Recovered - https://www.unitedindiagst.com/invoice-list.php | Type: UP
2025-01-28 16:04:33,347 - INFO - Email sent successfully | To: yash@kgrp.in | Subject: Website Recovered - https://www.unitedindiagst.com/invoice-list.php | Type: UP
2025-01-28 16:05:26,889 - INFO - Email sent successfully | To: yash@kgrp.in | Subject: Website Down Alert - https://www.unitedindiagst.com/invoice-list.php | Type: DOWN
2025-01-28 16:05:35,285 - INFO - Email sent successfully | To: yash@kgrp.in | Subject: Website Recovered - https://www.unitedindiagst.com/invoice-list.php | Type: UP
2025-01-28 17:14:08,451 - INFO - Email sent successfully | To: yash@kgrp.in | Subject: DOM Changes Detected - PNR: VK6H8B | Type: OTHER
2025-01-28 17:14:11,567 - INFO - Email sent successfully | To: punit@kgrp.in | Subject: DOM Changes Detected - PNR: VK6H8B | Type: OTHER
2025-01-28 17:16:18,176 - INFO - Email sent successfully | To: yash@kgrp.in | Subject: DOM Changes Detected - PNR: VK6H8B | Type: OTHER
2025-01-28 17:16:21,135 - INFO - Email sent successfully | To: punit@kgrp.in | Subject: DOM Changes Detected - PNR: VK6H8B | Type: OTHER
2025-01-28 17:18:28,089 - INFO - Email sent successfully | To: yash@kgrp.in | Subject: DOM Changes Detected - PNR: VK6H8B | Type: OTHER
2025-01-28 17:18:31,148 - INFO - Email sent successfully | To: punit@kgrp.in | Subject: DOM Changes Detected - PNR: VK6H8B | Type: OTHER
2025-01-28 17:20:10,550 - INFO - Email sent successfully | To: yash@kgrp.in | Subject: Website Down Alert - https://gst.airindia.com/portal/index.html | Type: DOWN
2025-01-28 17:20:14,604 - INFO - Email sent successfully | To: yash@kgrp.in | Subject: Website Down Alert - https://gst.airindia.com/portal/index.html | Type: DOWN
2025-01-28 17:20:35,691 - INFO - Email sent successfully | To: yash@kgrp.in | Subject: DOM Changes Detected - PNR: VK6H8B | Type: OTHER
2025-01-28 17:20:38,930 - INFO - Email sent successfully | To: punit@kgrp.in | Subject: DOM Changes Detected - PNR: VK6H8B | Type: OTHER
2025-01-28 17:21:00,919 - INFO - Email sent successfully | To: yash@kgrp.in | Subject: Website Recovered - https://gst.airindia.com/portal/index.html | Type: UP
2025-01-28 17:21:02,664 - INFO - Email sent successfully | To: yash@kgrp.in | Subject: Website Recovered - https://gst.airindia.com/portal/index.html | Type: UP
2025-01-28 17:23:11,701 - INFO - Email sent successfully | To: yash@kgrp.in | Subject: DOM Changes Detected - PNR: VK6H8B | Type: OTHER
2025-01-28 17:23:14,641 - INFO - Email sent successfully | To: punit@kgrp.in | Subject: DOM Changes Detected - PNR: VK6H8B | Type: OTHER
2025-01-28 17:24:16,438 - INFO - Email sent successfully | To: yash@kgrp.in | Subject: Website Down Alert - https://etihad.supertaxgst.in/guestinvoices | Type: DOWN
2025-01-28 17:24:25,129 - INFO - Email sent successfully | To: yash@kgrp.in | Subject: Website Recovered - https://etihad.supertaxgst.in/guestinvoices | Type: UP
2025-01-28 17:25:19,352 - INFO - Email sent successfully | To: yash@kgrp.in | Subject: DOM Changes Detected - PNR: VK6H8B | Type: OTHER
2025-01-28 17:25:22,754 - INFO - Email sent successfully | To: punit@kgrp.in | Subject: DOM Changes Detected - PNR: VK6H8B | Type: OTHER
2025-01-28 17:27:27,494 - INFO - Email sent successfully | To: yash@kgrp.in | Subject: DOM Changes Detected - PNR: VK6H8B | Type: OTHER
2025-01-28 17:27:30,522 - INFO - Email sent successfully | To: punit@kgrp.in | Subject: DOM Changes Detected - PNR: VK6H8B | Type: OTHER
2025-01-28 17:31:18,263 - INFO - Email sent successfully | To: yash@kgrp.in | Subject: DOM Changes Detected - PNR: VK6H8B | Type: OTHER
2025-01-28 17:31:21,080 - INFO - Email sent successfully | To: punit@kgrp.in | Subject: DOM Changes Detected - PNR: VK6H8B | Type: OTHER
2025-01-28 17:33:12,700 - INFO - Email sent successfully | To: yash@kgrp.in | Subject: Website Down Alert - https://etihad.supertaxgst.in/guestinvoices | Type: DOWN
2025-01-28 17:33:21,374 - INFO - Email sent successfully | To: yash@kgrp.in | Subject: Website Recovered - https://etihad.supertaxgst.in/guestinvoices | Type: UP
2025-01-28 17:33:25,737 - INFO - Email sent successfully | To: yash@kgrp.in | Subject: DOM Changes Detected - PNR: VK6H8B | Type: OTHER
2025-01-28 17:33:28,923 - INFO - Email sent successfully | To: punit@kgrp.in | Subject: DOM Changes Detected - PNR: VK6H8B | Type: OTHER
2025-01-28 17:33:31,847 - INFO - Email sent successfully | To: yash@kgrp.in | Subject: Scraper Error Alert - login | Type: OTHER
2025-01-28 17:35:36,465 - INFO - Email sent successfully | To: yash@kgrp.in | Subject: DOM Changes Detected - PNR: VK6H8B | Type: OTHER
2025-01-28 17:35:39,287 - INFO - Email sent successfully | To: punit@kgrp.in | Subject: DOM Changes Detected - PNR: VK6H8B | Type: OTHER
2025-01-28 17:37:46,697 - INFO - Email sent successfully | To: yash@kgrp.in | Subject: DOM Changes Detected - PNR: VK6H8B | Type: OTHER
2025-01-28 17:37:50,028 - INFO - Email sent successfully | To: punit@kgrp.in | Subject: DOM Changes Detected - PNR: VK6H8B | Type: OTHER
2025-01-28 17:39:56,853 - INFO - Email sent successfully | To: yash@kgrp.in | Subject: DOM Changes Detected - PNR: VK6H8B | Type: OTHER
2025-01-28 17:39:59,718 - INFO - Email sent successfully | To: punit@kgrp.in | Subject: DOM Changes Detected - PNR: VK6H8B | Type: OTHER
2025-01-28 17:42:06,541 - INFO - Email sent successfully | To: yash@kgrp.in | Subject: DOM Changes Detected - PNR: VK6H8B | Type: OTHER
2025-01-28 17:42:09,702 - INFO - Email sent successfully | To: punit@kgrp.in | Subject: DOM Changes Detected - PNR: VK6H8B | Type: OTHER
2025-01-28 17:44:16,212 - INFO - Email sent successfully | To: yash@kgrp.in | Subject: DOM Changes Detected - PNR: VK6H8B | Type: OTHER
2025-01-28 17:44:19,357 - INFO - Email sent successfully | To: punit@kgrp.in | Subject: DOM Changes Detected - PNR: VK6H8B | Type: OTHER
2025-01-28 17:46:27,174 - INFO - Email sent successfully | To: yash@kgrp.in | Subject: DOM Changes Detected - PNR: VK6H8B | Type: OTHER
2025-01-28 17:46:30,191 - INFO - Email sent successfully | To: punit@kgrp.in | Subject: DOM Changes Detected - PNR: VK6H8B | Type: OTHER
2025-01-28 17:48:38,722 - INFO - Email sent successfully | To: yash@kgrp.in | Subject: DOM Changes Detected - PNR: VK6H8B | Type: OTHER
2025-01-28 17:48:41,851 - INFO - Email sent successfully | To: punit@kgrp.in | Subject: DOM Changes Detected - PNR: VK6H8B | Type: OTHER
2025-01-28 17:50:49,035 - INFO - Email sent successfully | To: yash@kgrp.in | Subject: DOM Changes Detected - PNR: VK6H8B | Type: OTHER
2025-01-28 17:51:20,982 - ERROR - Failed to send email | To: yash@kgrp.in | Subject: Website Down Alert - https://allianceair.co.in/gst/ | Error: [WinError 10054] An existing connection was forcibly closed by the remote host
2025-01-28 17:51:21,757 - INFO - Email sent successfully | To: punit@kgrp.in | Subject: DOM Changes Detected - PNR: VK6H8B | Type: OTHER
2025-01-28 17:51:29,453 - INFO - Email sent successfully | To: yash@kgrp.in | Subject: Website Recovered - https://allianceair.co.in/gst/ | Type: UP
2025-01-28 17:53:28,180 - INFO - Email sent successfully | To: yash@kgrp.in | Subject: DOM Changes Detected - PNR: VK6H8B | Type: OTHER
2025-01-28 17:53:31,091 - INFO - Email sent successfully | To: punit@kgrp.in | Subject: DOM Changes Detected - PNR: VK6H8B | Type: OTHER
2025-01-28 17:56:59,184 - INFO - Email sent successfully | To: yash@kgrp.in | Subject: DOM Changes Detected - PNR: VK6H8B | Type: OTHER
2025-01-28 17:57:01,975 - INFO - Email sent successfully | To: punit@kgrp.in | Subject: DOM Changes Detected - PNR: VK6H8B | Type: OTHER
2025-01-28 17:58:21,072 - INFO - Email sent successfully | To: yash@kgrp.in | Subject: DOM Changes Detected - PNR: VK6H8B | Type: OTHER
2025-01-28 17:58:23,862 - INFO - Email sent successfully | To: punit@kgrp.in | Subject: DOM Changes Detected - PNR: VK6H8B | Type: OTHER
2025-01-28 18:00:39,372 - INFO - Email sent successfully | To: yash@kgrp.in | Subject: DOM Changes Detected - PNR: VK6H8B | Type: OTHER
2025-01-28 18:00:42,189 - INFO - Email sent successfully | To: punit@kgrp.in | Subject: DOM Changes Detected - PNR: VK6H8B | Type: OTHER
2025-01-28 18:02:48,820 - INFO - Email sent successfully | To: yash@kgrp.in | Subject: DOM Changes Detected - PNR: VK6H8B | Type: OTHER
2025-01-28 18:02:51,574 - INFO - Email sent successfully | To: punit@kgrp.in | Subject: DOM Changes Detected - PNR: VK6H8B | Type: OTHER
2025-01-28 18:02:52,355 - INFO - Email sent successfully | To: yash@kgrp.in | Subject: DOM Changes Detected - PNR: VK6H8B | Type: OTHER
2025-01-28 18:02:55,201 - INFO - Email sent successfully | To: punit@kgrp.in | Subject: DOM Changes Detected - PNR: VK6H8B | Type: OTHER
2025-01-28 18:04:58,126 - INFO - Email sent successfully | To: yash@kgrp.in | Subject: DOM Changes Detected - PNR: VK6H8B | Type: OTHER
2025-01-28 18:05:01,192 - INFO - Email sent successfully | To: punit@kgrp.in | Subject: DOM Changes Detected - PNR: VK6H8B | Type: OTHER
2025-01-28 18:05:01,848 - INFO - Email sent successfully | To: yash@kgrp.in | Subject: DOM Changes Detected - PNR: VK6H8B | Type: OTHER
2025-01-28 18:05:04,928 - INFO - Email sent successfully | To: punit@kgrp.in | Subject: DOM Changes Detected - PNR: VK6H8B | Type: OTHER
2025-01-28 18:06:32,418 - INFO - Email sent successfully | To: yash@kgrp.in | Subject: Website Down Alert - https://www.unitedindiagst.com/invoice-list.php | Type: DOWN
2025-01-28 18:06:40,704 - INFO - Email sent successfully | To: yash@kgrp.in | Subject: Website Recovered - https://www.unitedindiagst.com/invoice-list.php | Type: UP
2025-01-28 18:07:07,572 - INFO - Email sent successfully | To: yash@kgrp.in | Subject: DOM Changes Detected - PNR: VK6H8B | Type: OTHER
2025-01-28 18:07:10,358 - INFO - Email sent successfully | To: punit@kgrp.in | Subject: DOM Changes Detected - PNR: VK6H8B | Type: OTHER
2025-01-28 18:07:11,313 - INFO - Email sent successfully | To: yash@kgrp.in | Subject: DOM Changes Detected - PNR: VK6H8B | Type: OTHER
2025-01-28 18:07:14,087 - INFO - Email sent successfully | To: punit@kgrp.in | Subject: DOM Changes Detected - PNR: VK6H8B | Type: OTHER
2025-01-28 18:09:21,742 - INFO - Email sent successfully | To: yash@kgrp.in | Subject: DOM Changes Detected - PNR: VK6H8B | Type: OTHER
2025-01-28 18:09:25,180 - INFO - Email sent successfully | To: punit@kgrp.in | Subject: DOM Changes Detected - PNR: VK6H8B | Type: OTHER
2025-01-28 18:09:37,864 - INFO - Email sent successfully | To: yash@kgrp.in | Subject: DOM Changes Detected - PNR: VK6H8B | Type: OTHER
2025-01-28 18:09:40,675 - INFO - Email sent successfully | To: punit@kgrp.in | Subject: DOM Changes Detected - PNR: VK6H8B | Type: OTHER
2025-01-28 18:13:45,090 - INFO - Email sent successfully | To: yash@kgrp.in | Subject: DOM Changes Detected - PNR: VK6H8B | Type: OTHER
2025-01-28 18:13:47,952 - INFO - Email sent successfully | To: punit@kgrp.in | Subject: DOM Changes Detected - PNR: VK6H8B | Type: OTHER
2025-01-28 18:14:34,885 - INFO - Email sent successfully | To: yash@kgrp.in | Subject: DOM Changes Detected - PNR: VK6H8B | Type: OTHER
2025-01-28 18:14:37,916 - INFO - Email sent successfully | To: punit@kgrp.in | Subject: DOM Changes Detected - PNR: VK6H8B | Type: OTHER
2025-01-28 18:16:59,306 - INFO - Email sent successfully | To: yash@kgrp.in | Subject: DOM Changes Detected - PNR: VK6H8B | Type: OTHER
2025-01-28 18:17:02,203 - INFO - Email sent successfully | To: punit@kgrp.in | Subject: DOM Changes Detected - PNR: VK6H8B | Type: OTHER
2025-01-28 18:21:53,732 - INFO - Email sent successfully | To: yash@kgrp.in | Subject: DOM Changes Detected - PNR: VK6H8B | Type: OTHER
2025-01-28 18:21:56,659 - INFO - Email sent successfully | To: punit@kgrp.in | Subject: DOM Changes Detected - PNR: VK6H8B | Type: OTHER
2025-01-28 18:24:28,475 - INFO - Email sent successfully | To: yash@kgrp.in | Subject: Website Down Alert - https://allianceair.co.in/gst/ | Type: DOWN
2025-01-28 18:24:36,810 - INFO - Email sent successfully | To: yash@kgrp.in | Subject: Website Recovered - https://allianceair.co.in/gst/ | Type: UP
2025-01-28 18:25:24,281 - INFO - Email sent successfully | To: yash@kgrp.in | Subject: DOM Changes Detected - PNR: VK6H8B | Type: OTHER
2025-01-28 18:25:27,235 - INFO - Email sent successfully | To: punit@kgrp.in | Subject: DOM Changes Detected - PNR: VK6H8B | Type: OTHER
2025-01-28 18:26:36,090 - INFO - Email sent successfully | To: yash@kgrp.in | Subject: DOM Changes Detected - PNR: VK6H8B | Type: OTHER
2025-01-28 18:26:39,112 - INFO - Email sent successfully | To: punit@kgrp.in | Subject: DOM Changes Detected - PNR: VK6H8B | Type: OTHER
2025-01-28 18:27:43,775 - INFO - Email sent successfully | To: yash@kgrp.in | Subject: DOM Changes Detected - PNR: VK6H8B | Type: OTHER
2025-01-28 18:27:46,779 - INFO - Email sent successfully | To: punit@kgrp.in | Subject: DOM Changes Detected - PNR: VK6H8B | Type: OTHER
2025-01-28 18:28:45,574 - INFO - Email sent successfully | To: yash@kgrp.in | Subject: DOM Changes Detected - PNR: VK6H8B | Type: OTHER
2025-01-28 18:28:48,383 - INFO - Email sent successfully | To: punit@kgrp.in | Subject: DOM Changes Detected - PNR: VK6H8B | Type: OTHER
2025-01-28 18:28:52,376 - INFO - Email sent successfully | To: yash@kgrp.in | Subject: Star Air Scraper Error - download | Type: OTHER
2025-01-28 18:30:56,570 - INFO - Email sent successfully | To: yash@kgrp.in | Subject: DOM Changes Detected - PNR: VK6H8B | Type: OTHER
2025-01-28 18:30:57,068 - INFO - Email sent successfully | To: yash@kgrp.in | Subject: DOM Changes Detected - PNR: VK6H8B | Type: OTHER
2025-01-28 18:30:59,466 - INFO - Email sent successfully | To: punit@kgrp.in | Subject: DOM Changes Detected - PNR: VK6H8B | Type: OTHER
2025-01-28 18:31:00,776 - INFO - Email sent successfully | To: punit@kgrp.in | Subject: DOM Changes Detected - PNR: VK6H8B | Type: OTHER
2025-01-28 18:31:44,874 - INFO - Email sent successfully | To: yash@kgrp.in | Subject: DOM Changes Detected - PNR: VK6H8B | Type: OTHER
2025-01-28 18:31:48,206 - INFO - Email sent successfully | To: punit@kgrp.in | Subject: DOM Changes Detected - PNR: VK6H8B | Type: OTHER
2025-01-28 18:32:41,988 - INFO - Email sent successfully | To: yash@kgrp.in | Subject: DOM Changes Detected - PNR: VK6H8B | Type: OTHER
2025-01-28 18:32:44,948 - INFO - Email sent successfully | To: punit@kgrp.in | Subject: DOM Changes Detected - PNR: VK6H8B | Type: OTHER
2025-01-28 18:33:07,219 - INFO - Email sent successfully | To: yash@kgrp.in | Subject: DOM Changes Detected - PNR: VK6H8B | Type: OTHER
2025-01-28 18:33:10,094 - INFO - Email sent successfully | To: punit@kgrp.in | Subject: DOM Changes Detected - PNR: VK6H8B | Type: OTHER
2025-01-28 18:35:04,990 - INFO - Email sent successfully | To: yash@kgrp.in | Subject: DOM Changes Detected - PNR: VK6H8B | Type: OTHER
2025-01-28 18:35:07,790 - INFO - Email sent successfully | To: punit@kgrp.in | Subject: DOM Changes Detected - PNR: VK6H8B | Type: OTHER
2025-01-28 18:35:17,449 - INFO - Email sent successfully | To: yash@kgrp.in | Subject: DOM Changes Detected - PNR: VK6H8B | Type: OTHER
2025-01-28 18:35:20,574 - INFO - Email sent successfully | To: punit@kgrp.in | Subject: DOM Changes Detected - PNR: VK6H8B | Type: OTHER
2025-01-28 18:37:15,456 - INFO - Email sent successfully | To: yash@kgrp.in | Subject: DOM Changes Detected - PNR: VK6H8B | Type: OTHER
2025-01-28 18:37:18,614 - INFO - Email sent successfully | To: punit@kgrp.in | Subject: DOM Changes Detected - PNR: VK6H8B | Type: OTHER
2025-01-28 18:37:27,444 - INFO - Email sent successfully | To: yash@kgrp.in | Subject: DOM Changes Detected - PNR: VK6H8B | Type: OTHER
2025-01-28 18:37:30,276 - INFO - Email sent successfully | To: punit@kgrp.in | Subject: DOM Changes Detected - PNR: VK6H8B | Type: OTHER
2025-01-28 18:41:02,272 - INFO - Email sent successfully | To: yash@kgrp.in | Subject: DOM Changes Detected - PNR: VK6H8B | Type: OTHER
2025-01-28 18:41:05,272 - INFO - Email sent successfully | To: punit@kgrp.in | Subject: DOM Changes Detected - PNR: VK6H8B | Type: OTHER
2025-01-28 18:42:12,512 - INFO - Email sent successfully | To: yash@kgrp.in | Subject: DOM Changes Detected - PNR: VK6H8B | Type: OTHER
2025-01-28 18:42:16,023 - INFO - Email sent successfully | To: punit@kgrp.in | Subject: DOM Changes Detected - PNR: VK6H8B | Type: OTHER
2025-01-28 18:42:18,538 - INFO - Email sent successfully | To: yash@kgrp.in | Subject: DOM Changes Detected - PNR: VK6H8B | Type: OTHER
2025-01-28 18:42:19,761 - INFO - Email sent successfully | To: yash@kgrp.in | Subject: DOM Changes Detected - PNR: VK6H8B | Type: OTHER
2025-01-28 18:42:21,834 - INFO - Email sent successfully | To: punit@kgrp.in | Subject: DOM Changes Detected - PNR: VK6H8B | Type: OTHER
2025-01-28 18:42:23,309 - INFO - Email sent successfully | To: punit@kgrp.in | Subject: DOM Changes Detected - PNR: VK6H8B | Type: OTHER
2025-01-29 17:15:57,330 - INFO - Email sent successfully | To: yash@kgrp.in | Subject: DOM Changes Detected - PNR: VK6H8B | Type: OTHER
2025-01-29 17:47:04,559 - INFO - Email sent successfully | To: yash@kgrp.in | Subject: DOM Changes Detected - PNR: VK6H8B | Type: OTHER
2025-01-29 17:49:51,691 - INFO - Email sent successfully | To: yash@kgrp.in | Subject: Website Down Alert - https://www.unitedindiagst.com/invoice-list.php | Type: DOWN
2025-01-29 17:50:00,953 - INFO - Email sent successfully | To: yash@kgrp.in | Subject: Website Recovered - https://www.unitedindiagst.com/invoice-list.php | Type: UP
2025-01-29 17:50:30,218 - INFO - Email sent successfully | To: yash@kgrp.in | Subject: DOM Changes Detected - PNR: VK6H8B | Type: OTHER
2025-01-29 17:57:56,032 - INFO - Email sent successfully | To: yash@kgrp.in | Subject: Website Down Alert - https://www.unitedindiagst.com/invoice-list.php | Type: DOWN
2025-01-29 17:58:04,735 - INFO - Email sent successfully | To: yash@kgrp.in | Subject: Website Recovered - https://www.unitedindiagst.com/invoice-list.php | Type: UP
2025-01-29 18:29:07,180 - INFO - Email sent successfully | To: yash@kgrp.in | Subject: Website Down Alert - https://gst.airindia.com/portal/index.html | Type: DOWN
2025-01-29 18:29:08,440 - INFO - Email sent successfully | To: yash@kgrp.in | Subject: Website Down Alert - https://gst.airindia.com/portal/index.html | Type: DOWN
2025-01-29 18:29:57,165 - INFO - Email sent successfully | To: yash@kgrp.in | Subject: Website Recovered - https://gst.airindia.com/portal/index.html | Type: UP
2025-01-29 18:30:00,450 - INFO - Email sent successfully | To: yash@kgrp.in | Subject: Website Recovered - https://gst.airindia.com/portal/index.html | Type: UP
2025-01-31 11:11:40,801 - INFO - Email sent successfully | To: yash@kgrp.in | Subject: DOM Changes Detected - PNR: VK6H8B | Type: OTHER
2025-01-31 11:11:41,069 - INFO - Email sent successfully | To: yash@kgrp.in | Subject: DOM Changes Detected - PNR: VK6H8B | Type: OTHER
2025-01-31 11:11:41,792 - INFO - Email sent successfully | To: yash@kgrp.in | Subject: DOM Changes Detected - PNR: VK6H8B | Type: OTHER
2025-01-31 11:11:43,651 - INFO - Email sent successfully | To: yash@kgrp.in | Subject: DOM Changes Detected - PNR: VK6H8B | Type: OTHER
2025-01-31 11:11:46,033 - INFO - Email sent successfully | To: yash@kgrp.in | Subject: Star Air Scraper Error - download | Type: OTHER
2025-01-31 11:12:01,700 - INFO - Email sent successfully | To: yash@kgrp.in | Subject: DOM Changes Detected - PNR: VK6H8B | Type: OTHER
2025-01-31 11:17:16,185 - INFO - Email sent successfully | To: yash@kgrp.in | Subject: Website Down Alert - https://etihad.supertaxgst.in/guestinvoices | Type: DOWN
2025-01-31 11:17:25,197 - INFO - Email sent successfully | To: yash@kgrp.in | Subject: Website Recovered - https://etihad.supertaxgst.in/guestinvoices | Type: UP
2025-01-31 11:26:13,929 - INFO - Email sent successfully | To: yash@kgrp.in | Subject: DOM Changes Detected - PNR: VK6H8B | Type: OTHER
2025-01-31 11:28:54,920 - INFO - Email sent successfully | To: yash@kgrp.in | Subject: DOM Changes Detected - PNR: VK6H8B | Type: OTHER
2025-01-31 11:31:01,354 - INFO - Email sent successfully | To: yash@kgrp.in | Subject: DOM Changes Detected - PNR: VK6H8B | Type: OTHER
2025-01-31 11:33:07,832 - INFO - Email sent successfully | To: yash@kgrp.in | Subject: DOM Changes Detected - PNR: VK6H8B | Type: OTHER
2025-01-31 11:35:14,693 - INFO - Email sent successfully | To: yash@kgrp.in | Subject: DOM Changes Detected - PNR: VK6H8B | Type: OTHER
2025-01-31 11:37:21,165 - INFO - Email sent successfully | To: yash@kgrp.in | Subject: DOM Changes Detected - PNR: VK6H8B | Type: OTHER
2025-01-31 11:52:19,184 - INFO - Email sent successfully | To: yash@kgrp.in | Subject: DOM Changes Detected - PNR: VK6H8B | Type: OTHER
2025-01-31 11:52:19,371 - INFO - Email sent successfully | To: yash@kgrp.in | Subject: DOM Changes Detected - PNR: VK6H8B | Type: OTHER
2025-01-31 11:52:20,129 - INFO - Email sent successfully | To: yash@kgrp.in | Subject: DOM Changes Detected - PNR: VK6H8B | Type: OTHER
2025-01-31 11:52:21,596 - INFO - Email sent successfully | To: yash@kgrp.in | Subject: DOM Changes Detected - PNR: VK6H8B | Type: OTHER
2025-01-31 11:54:22,623 - INFO - Email sent successfully | To: yash@kgrp.in | Subject: DOM Changes Detected - PNR: VK6H8B | Type: OTHER
2025-01-31 12:00:58,397 - INFO - Email sent successfully | To: yash@kgrp.in | Subject: DOM Changes Detected - PNR: VK6H8B | Type: OTHER
2025-01-31 12:03:21,316 - INFO - Email sent successfully | To: yash@kgrp.in | Subject: DOM Changes Detected - PNR: VK6H8B | Type: OTHER
2025-01-31 12:04:47,387 - INFO - Email sent successfully | To: yash@kgrp.in | Subject: DOM Changes Detected - PNR: VK6H8B | Type: OTHER
2025-01-31 12:05:27,676 - INFO - Email sent successfully | To: yash@kgrp.in | Subject: DOM Changes Detected - PNR: VK6H8B | Type: OTHER
2025-01-31 12:05:27,811 - INFO - Email sent successfully | To: yash@kgrp.in | Subject: DOM Changes Detected - PNR: VK6H8B | Type: OTHER
2025-01-31 12:05:32,588 - INFO - Email sent successfully | To: yash@kgrp.in | Subject: Star Air Scraper Error - download | Type: OTHER
2025-01-31 12:07:36,959 - INFO - Email sent successfully | To: yash@kgrp.in | Subject: DOM Changes Detected - PNR: VK6H8B | Type: OTHER
2025-01-31 12:10:09,751 - INFO - Email sent successfully | To: yash@kgrp.in | Subject: DOM Changes Detected - PNR: VK6H8B | Type: OTHER
2025-01-31 12:13:02,360 - INFO - Email sent successfully | To: yash@kgrp.in | Subject: DOM Changes Detected - PNR: VK6H8B | Type: OTHER
2025-01-31 12:16:08,793 - INFO - Email sent successfully | To: yash@kgrp.in | Subject: DOM Changes Detected - PNR: VK6H8B | Type: OTHER
2025-01-31 12:19:15,283 - INFO - Email sent successfully | To: yash@kgrp.in | Subject: DOM Changes Detected - PNR: VK6H8B | Type: OTHER
2025-01-31 12:22:21,860 - INFO - Email sent successfully | To: yash@kgrp.in | Subject: DOM Changes Detected - PNR: VK6H8B | Type: OTHER
2025-01-31 12:25:28,210 - INFO - Email sent successfully | To: yash@kgrp.in | Subject: DOM Changes Detected - PNR: VK6H8B | Type: OTHER
2025-01-31 12:28:34,818 - INFO - Email sent successfully | To: yash@kgrp.in | Subject: DOM Changes Detected - PNR: VK6H8B | Type: OTHER
2025-01-31 12:28:35,619 - INFO - Email sent successfully | To: yash@kgrp.in | Subject: DOM Changes Detected - PNR: VK6H8B | Type: OTHER
2025-01-31 12:31:41,203 - INFO - Email sent successfully | To: yash@kgrp.in | Subject: DOM Changes Detected - PNR: VK6H8B | Type: OTHER
2025-01-31 12:31:42,147 - INFO - Email sent successfully | To: yash@kgrp.in | Subject: DOM Changes Detected - PNR: VK6H8B | Type: OTHER
2025-01-31 12:31:43,035 - INFO - Email sent successfully | To: yash@kgrp.in | Subject: DOM Changes Detected - PNR: VK6H8B | Type: OTHER
2025-01-31 12:34:47,703 - INFO - Email sent successfully | To: yash@kgrp.in | Subject: DOM Changes Detected - PNR: VK6H8B | Type: OTHER
2025-01-31 12:34:48,634 - INFO - Email sent successfully | To: yash@kgrp.in | Subject: DOM Changes Detected - PNR: VK6H8B | Type: OTHER
2025-01-31 12:37:54,005 - INFO - Email sent successfully | To: yash@kgrp.in | Subject: DOM Changes Detected - PNR: VK6H8B | Type: OTHER
2025-01-31 12:37:55,089 - INFO - Email sent successfully | To: yash@kgrp.in | Subject: DOM Changes Detected - PNR: VK6H8B | Type: OTHER
2025-01-31 12:41:00,461 - INFO - Email sent successfully | To: yash@kgrp.in | Subject: DOM Changes Detected - PNR: VK6H8B | Type: OTHER
2025-01-31 12:41:02,694 - INFO - Email sent successfully | To: yash@kgrp.in | Subject: DOM Changes Detected - PNR: VK6H8B | Type: OTHER
2025-01-31 12:44:07,031 - INFO - Email sent successfully | To: yash@kgrp.in | Subject: DOM Changes Detected - PNR: VK6H8B | Type: OTHER
2025-01-31 12:44:09,505 - INFO - Email sent successfully | To: yash@kgrp.in | Subject: DOM Changes Detected - PNR: VK6H8B | Type: OTHER
2025-01-31 12:47:13,544 - INFO - Email sent successfully | To: yash@kgrp.in | Subject: DOM Changes Detected - PNR: VK6H8B | Type: OTHER
2025-01-31 12:47:15,982 - INFO - Email sent successfully | To: yash@kgrp.in | Subject: DOM Changes Detected - PNR: VK6H8B | Type: OTHER
2025-01-31 12:50:20,153 - INFO - Email sent successfully | To: yash@kgrp.in | Subject: DOM Changes Detected - PNR: VK6H8B | Type: OTHER
2025-01-31 12:50:22,385 - INFO - Email sent successfully | To: yash@kgrp.in | Subject: DOM Changes Detected - PNR: VK6H8B | Type: OTHER
2025-01-31 12:53:26,508 - INFO - Email sent successfully | To: yash@kgrp.in | Subject: DOM Changes Detected - PNR: VK6H8B | Type: OTHER
2025-01-31 12:53:28,914 - INFO - Email sent successfully | To: yash@kgrp.in | Subject: DOM Changes Detected - PNR: VK6H8B | Type: OTHER
2025-01-31 12:56:32,898 - INFO - Email sent successfully | To: yash@kgrp.in | Subject: DOM Changes Detected - PNR: VK6H8B | Type: OTHER
2025-01-31 12:56:35,360 - INFO - Email sent successfully | To: yash@kgrp.in | Subject: DOM Changes Detected - PNR: VK6H8B | Type: OTHER
2025-01-31 12:59:39,663 - INFO - Email sent successfully | To: yash@kgrp.in | Subject: DOM Changes Detected - PNR: VK6H8B | Type: OTHER
2025-01-31 12:59:41,762 - INFO - Email sent successfully | To: yash@kgrp.in | Subject: DOM Changes Detected - PNR: VK6H8B | Type: OTHER
2025-01-31 13:02:46,088 - INFO - Email sent successfully | To: yash@kgrp.in | Subject: DOM Changes Detected - PNR: VK6H8B | Type: OTHER
2025-01-31 13:02:46,261 - INFO - Email sent successfully | To: yash@kgrp.in | Subject: DOM Changes Detected - PNR: VK6H8B | Type: OTHER
2025-01-31 13:05:52,693 - INFO - Email sent successfully | To: yash@kgrp.in | Subject: DOM Changes Detected - PNR: VK6H8B | Type: OTHER
2025-01-31 13:05:52,774 - INFO - Email sent successfully | To: yash@kgrp.in | Subject: DOM Changes Detected - PNR: VK6H8B | Type: OTHER
2025-01-31 13:05:52,956 - INFO - Email sent successfully | To: yash@kgrp.in | Subject: DOM Changes Detected - PNR: VK6H8B | Type: OTHER
2025-01-31 13:08:59,002 - INFO - Email sent successfully | To: yash@kgrp.in | Subject: DOM Changes Detected - PNR: VK6H8B | Type: OTHER
2025-01-31 13:08:59,172 - INFO - Email sent successfully | To: yash@kgrp.in | Subject: DOM Changes Detected - PNR: VK6H8B | Type: OTHER
2025-01-31 13:08:59,855 - INFO - Email sent successfully | To: yash@kgrp.in | Subject: DOM Changes Detected - PNR: VK6H8B | Type: OTHER
2025-01-31 13:09:02,052 - INFO - Email sent successfully | To: yash@kgrp.in | Subject: DOM Changes Detected - PNR: VK6H8B | Type: OTHER
2025-01-31 13:12:05,372 - INFO - Email sent successfully | To: yash@kgrp.in | Subject: DOM Changes Detected - PNR: VK6H8B | Type: OTHER
2025-01-31 13:12:05,529 - INFO - Email sent successfully | To: yash@kgrp.in | Subject: DOM Changes Detected - PNR: VK6H8B | Type: OTHER
2025-01-31 13:12:06,366 - INFO - Email sent successfully | To: yash@kgrp.in | Subject: DOM Changes Detected - PNR: VK6H8B | Type: OTHER
2025-01-31 13:12:08,553 - INFO - Email sent successfully | To: yash@kgrp.in | Subject: DOM Changes Detected - PNR: VK6H8B | Type: OTHER
2025-01-31 13:15:12,120 - INFO - Email sent successfully | To: yash@kgrp.in | Subject: DOM Changes Detected - PNR: VK6H8B | Type: OTHER
2025-01-31 13:15:12,205 - INFO - Email sent successfully | To: yash@kgrp.in | Subject: DOM Changes Detected - PNR: VK6H8B | Type: OTHER
2025-01-31 13:15:12,890 - INFO - Email sent successfully | To: yash@kgrp.in | Subject: DOM Changes Detected - PNR: VK6H8B | Type: OTHER
2025-01-31 13:15:15,215 - INFO - Email sent successfully | To: yash@kgrp.in | Subject: DOM Changes Detected - PNR: VK6H8B | Type: OTHER
2025-01-31 14:34:55,404 - ERROR - Failed to send email | To: yash@kgrp.in | Subject: Website Down Alert - https://gst.spicejet.com/gstdownload/GSTHandler.ashx | Error: [Errno 11001] getaddrinfo failed
2025-01-31 14:38:19,702 - ERROR - Failed to send email | To: yash@kgrp.in | Subject: Website Down Alert - https://www.unitedindiagst.com/invoice-list.php | Error: [Errno 11001] getaddrinfo failed
2025-01-31 14:39:25,991 - ERROR - Failed to send email | To: yash@kgrp.in | Subject: Website Down Alert - https://starair.in/customer/gstinvoice | Error: [Errno 11001] getaddrinfo failed
2025-01-31 14:43:13,596 - ERROR - Failed to send email | To: yash@kgrp.in | Subject: Website Down Alert - https://allianceair.co.in/gst/ | Error: [Errno 11001] getaddrinfo failed
2025-01-31 14:47:49,316 - ERROR - Failed to send email | To: yash@kgrp.in | Subject: Website Down Alert - https://etihad.supertaxgst.in/guestinvoices | Error: [Errno 11001] getaddrinfo failed
2025-01-31 14:52:41,340 - ERROR - Failed to send email | To: yash@kgrp.in | Subject: Website Down Alert - https://gst.airindia.com/portal/index.html | Error: [Errno 11001] getaddrinfo failed
2025-01-31 15:11:40,792 - INFO - Email sent successfully | To: yash@kgrp.in | Subject: Website Down Alert - https://www.unitedindiagst.com/invoice-list.php | Type: DOWN
2025-01-31 15:11:40,988 - INFO - Email sent successfully | To: yash@kgrp.in | Subject: Website Down Alert - https://www.unitedindiagst.com/invoice-list.php | Type: DOWN
2025-01-31 15:11:48,891 - INFO - Email sent successfully | To: yash@kgrp.in | Subject: Website Recovered - https://www.unitedindiagst.com/invoice-list.php | Type: UP
2025-01-31 15:11:49,965 - INFO - Email sent successfully | To: yash@kgrp.in | Subject: Website Recovered - https://www.unitedindiagst.com/invoice-list.php | Type: UP
2025-01-31 15:15:19,533 - ERROR - Failed to send email | To: yash@kgrp.in | Subject: Website Down Alert - https://etihad.supertaxgst.in/guestinvoices | Error: [Errno 11001] getaddrinfo failed
2025-01-31 15:15:19,533 - ERROR - Failed to send email | To: yash@kgrp.in | Subject: Website Down Alert - https://etihad.supertaxgst.in/guestinvoices | Error: [Errno 11001] getaddrinfo failed
2025-01-31 15:15:31,146 - INFO - Email sent successfully | To: yash@kgrp.in | Subject: Website Recovered - https://etihad.supertaxgst.in/guestinvoices | Type: UP
2025-01-31 15:15:32,850 - INFO - Email sent successfully | To: yash@kgrp.in | Subject: Website Recovered - https://etihad.supertaxgst.in/guestinvoices | Type: UP
2025-01-31 15:23:45,666 - ERROR - Failed to send email | To: yash@kgrp.in | Subject: Website Down Alert - https://gst.airindia.com/portal/index.html | Error: [Errno 11001] getaddrinfo failed
2025-01-31 15:23:45,667 - ERROR - Failed to send email | To: yash@kgrp.in | Subject: Website Down Alert - https://gst.airindia.com/portal/index.html | Error: [Errno 11001] getaddrinfo failed
2025-01-31 15:23:54,939 - INFO - Email sent successfully | To: yash@kgrp.in | Subject: Website Recovered - https://gst.airindia.com/portal/index.html | Type: UP
2025-01-31 15:23:55,070 - INFO - Email sent successfully | To: yash@kgrp.in | Subject: Website Recovered - https://gst.airindia.com/portal/index.html | Type: UP
2025-01-31 15:35:18,439 - ERROR - Failed to send email | To: yash@kgrp.in | Subject: Website Down Alert - https://etihad.supertaxgst.in/guestinvoices | Error: [Errno 11001] getaddrinfo failed
2025-01-31 15:58:48,085 - INFO - Email sent successfully | To: yash@kgrp.in | Subject: Website Down Alert - https://etihad.supertaxgst.in/guestinvoices | Type: DOWN
2025-01-31 15:59:13,812 - INFO - Email sent successfully | To: yash@kgrp.in | Subject: Website Recovered - https://etihad.supertaxgst.in/guestinvoices | Type: UP
2025-01-31 16:03:40,561 - ERROR - Failed to send email | To: yash@kgrp.in | Subject: Website Down Alert - https://www.goindigo.in/view-gst-invoice | Error: [Errno 11001] getaddrinfo failed
2025-01-31 16:09:57,299 - INFO - Email sent successfully | To: yash@kgrp.in | Subject: Website Down Alert - https://etihad.supertaxgst.in/guestinvoices | Type: DOWN
2025-01-31 16:10:11,155 - INFO - Email sent successfully | To: yash@kgrp.in | Subject: Website Recovered - https://etihad.supertaxgst.in/guestinvoices | Type: UP
2025-01-31 16:10:35,119 - INFO - Email sent successfully | To: yash@kgrp.in | Subject: Website Down Alert - https://starair.in/customer/gstinvoice | Type: DOWN
2025-01-31 16:10:55,547 - INFO - Email sent successfully | To: yash@kgrp.in | Subject: Website Down Alert - https://starair.in/customer/gstinvoice | Type: DOWN
2025-01-31 16:10:56,413 - INFO - Email sent successfully | To: yash@kgrp.in | Subject: Website Down Alert - https://www.goindigo.in/view-gst-invoice | Type: DOWN
2025-01-31 16:11:19,337 - INFO - Email sent successfully | To: yash@kgrp.in | Subject: Website Recovered - https://www.goindigo.in/view-gst-invoice | Type: UP
2025-01-31 16:11:22,403 - INFO - Email sent successfully | To: yash@kgrp.in | Subject: Website Recovered - https://www.goindigo.in/view-gst-invoice | Type: UP
2025-01-31 16:11:26,526 - INFO - Email sent successfully | To: yash@kgrp.in | Subject: Website Recovered - https://starair.in/customer/gstinvoice | Type: UP
2025-01-31 16:11:29,144 - INFO - Email sent successfully | To: yash@kgrp.in | Subject: Website Recovered - https://starair.in/customer/gstinvoice | Type: UP
2025-01-31 16:14:40,246 - INFO - Email sent successfully | To: yash@kgrp.in | Subject: DOM Changes Detected - PNR: VK6H8B | Type: OTHER
2025-01-31 16:34:22,854 - INFO - Email sent successfully | To: yash@kgrp.in | Subject: Website Down Alert - https://etihad.supertaxgst.in/guestinvoices | Type: DOWN
2025-01-31 16:34:33,796 - INFO - Email sent successfully | To: yash@kgrp.in | Subject: Website Recovered - https://etihad.supertaxgst.in/guestinvoices | Type: UP
2025-01-31 16:51:39,568 - INFO - Email sent successfully | To: yash@kgrp.in | Subject: Website Down Alert - https://etihad.supertaxgst.in/guestinvoices | Type: DOWN
2025-01-31 16:51:49,580 - INFO - Email sent successfully | To: yash@kgrp.in | Subject: Website Recovered - https://etihad.supertaxgst.in/guestinvoices | Type: UP
2025-01-31 17:20:27,313 - INFO - Email sent successfully | To: yash@kgrp.in | Subject: Website Down Alert - https://etihad.supertaxgst.in/guestinvoices | Type: DOWN
2025-01-31 17:21:21,606 - INFO - Email sent successfully | To: yash@kgrp.in | Subject: Website Recovered - https://etihad.supertaxgst.in/guestinvoices | Type: UP
2025-01-31 19:17:55,787 - ERROR - Failed to send email | To: yash@kgrp.in | Subject: Website Down Alert - https://www.goindigo.in/view-gst-invoice | Error: [Errno 11001] getaddrinfo failed
2025-01-31 19:17:57,843 - ERROR - Failed to send email | To: yash@kgrp.in | Subject: Website Down Alert - https://etihad.supertaxgst.in/guestinvoices | Error: [Errno 11001] getaddrinfo failed
2025-01-31 20:46:23,387 - ERROR - Failed to send email | To: yash@kgrp.in | Subject: Website Down Alert - https://www.unitedindiagst.com/invoice-list.php | Error: [Errno 11001] getaddrinfo failed
2025-01-31 20:46:23,966 - ERROR - Failed to send email | To: yash@kgrp.in | Subject: Website Down Alert - https://gst.airindia.com/portal/index.html | Error: [Errno 11001] getaddrinfo failed
2025-02-03 10:55:40,484 - INFO - Email sent successfully | To: yash@kgrp.in | Subject: DOM Changes Detected - PNR: VK6H8B | Type: OTHER
2025-02-03 11:03:48,402 - INFO - Email sent successfully | To: yash@kgrp.in | Subject: DOM Changes Detected - PNR: VK6H8B | Type: OTHER
2025-02-03 11:26:31,306 - INFO - Email sent successfully | To: yash@kgrp.in | Subject: DOM Changes Detected - PNR: VK6H8B | Type: OTHER
2025-02-03 11:26:31,457 - INFO - Email sent successfully | To: yash@kgrp.in | Subject: DOM Changes Detected - PNR: VK6H8B | Type: OTHER
2025-02-03 11:26:32,411 - INFO - Email sent successfully | To: yash@kgrp.in | Subject: DOM Changes Detected - PNR: VK6H8B | Type: OTHER
2025-02-03 11:26:34,972 - INFO - Email sent successfully | To: yash@kgrp.in | Subject: DOM Changes Detected - PNR: VK6H8B | Type: OTHER
2025-02-03 11:26:36,723 - INFO - Email sent successfully | To: yash@kgrp.in | Subject: Star Air Scraper Error - download | Type: OTHER
2025-02-03 11:27:38,321 - INFO - Email sent successfully | To: yash@kgrp.in | Subject: DOM Changes Detected - PNR: VK6H8B | Type: OTHER
2025-02-03 11:27:41,159 - INFO - Email sent successfully | To: yash@kgrp.in | Subject: DOM Changes Detected - PNR: VK6H8B | Type: OTHER
2025-02-03 11:27:42,061 - INFO - Email sent successfully | To: yash@kgrp.in | Subject: DOM Changes Detected - PNR: VK6H8B | Type: OTHER
2025-02-03 11:28:45,109 - INFO - Email sent successfully | To: yash@kgrp.in | Subject: DOM Changes Detected - PNR: VK6H8B | Type: OTHER
2025-02-03 11:28:47,923 - INFO - Email sent successfully | To: yash@kgrp.in | Subject: DOM Changes Detected - PNR: VK6H8B | Type: OTHER
2025-02-03 11:28:49,423 - INFO - Email sent successfully | To: yash@kgrp.in | Subject: DOM Changes Detected - PNR: VK6H8B | Type: OTHER
2025-02-03 11:29:51,956 - INFO - Email sent successfully | To: yash@kgrp.in | Subject: DOM Changes Detected - PNR: VK6H8B | Type: OTHER
2025-02-03 11:29:54,656 - INFO - Email sent successfully | To: yash@kgrp.in | Subject: DOM Changes Detected - PNR: VK6H8B | Type: OTHER
2025-02-03 11:29:56,435 - INFO - Email sent successfully | To: yash@kgrp.in | Subject: DOM Changes Detected - PNR: VK6H8B | Type: OTHER
2025-02-03 11:30:58,704 - INFO - Email sent successfully | To: yash@kgrp.in | Subject: DOM Changes Detected - PNR: VK6H8B | Type: OTHER
2025-02-03 11:31:01,749 - INFO - Email sent successfully | To: yash@kgrp.in | Subject: DOM Changes Detected - PNR: VK6H8B | Type: OTHER
2025-02-03 11:31:03,543 - INFO - Email sent successfully | To: yash@kgrp.in | Subject: DOM Changes Detected - PNR: VK6H8B | Type: OTHER
2025-02-03 11:32:05,996 - INFO - Email sent successfully | To: yash@kgrp.in | Subject: DOM Changes Detected - PNR: VK6H8B | Type: OTHER
2025-02-03 11:32:08,561 - INFO - Email sent successfully | To: yash@kgrp.in | Subject: DOM Changes Detected - PNR: VK6H8B | Type: OTHER
2025-02-03 11:32:10,451 - INFO - Email sent successfully | To: yash@kgrp.in | Subject: DOM Changes Detected - PNR: VK6H8B | Type: OTHER
2025-02-03 11:33:12,937 - INFO - Email sent successfully | To: yash@kgrp.in | Subject: DOM Changes Detected - PNR: VK6H8B | Type: OTHER
2025-02-03 11:33:15,487 - INFO - Email sent successfully | To: yash@kgrp.in | Subject: DOM Changes Detected - PNR: VK6H8B | Type: OTHER
2025-02-03 11:33:19,642 - INFO - Email sent successfully | To: yash@kgrp.in | Subject: DOM Changes Detected - PNR: VK6H8B | Type: OTHER
2025-02-03 11:34:20,038 - INFO - Email sent successfully | To: yash@kgrp.in | Subject: DOM Changes Detected - PNR: VK6H8B | Type: OTHER
2025-02-03 11:34:22,972 - INFO - Email sent successfully | To: yash@kgrp.in | Subject: DOM Changes Detected - PNR: VK6H8B | Type: OTHER
2025-02-03 11:35:26,825 - INFO - Email sent successfully | To: yash@kgrp.in | Subject: DOM Changes Detected - PNR: VK6H8B | Type: OTHER
2025-02-03 11:35:29,773 - INFO - Email sent successfully | To: yash@kgrp.in | Subject: DOM Changes Detected - PNR: VK6H8B | Type: OTHER
2025-02-03 11:36:33,901 - INFO - Email sent successfully | To: yash@kgrp.in | Subject: DOM Changes Detected - PNR: VK6H8B | Type: OTHER
2025-02-03 11:36:36,582 - INFO - Email sent successfully | To: yash@kgrp.in | Subject: DOM Changes Detected - PNR: VK6H8B | Type: OTHER
2025-02-03 11:36:39,614 - INFO - Email sent successfully | To: yash@kgrp.in | Subject: DOM Changes Detected - PNR: VK6H8B | Type: OTHER
2025-02-03 11:37:40,584 - INFO - Email sent successfully | To: yash@kgrp.in | Subject: DOM Changes Detected - PNR: VK6H8B | Type: OTHER
2025-02-03 11:37:43,436 - INFO - Email sent successfully | To: yash@kgrp.in | Subject: DOM Changes Detected - PNR: VK6H8B | Type: OTHER
2025-02-03 11:37:46,611 - INFO - Email sent successfully | To: yash@kgrp.in | Subject: DOM Changes Detected - PNR: VK6H8B | Type: OTHER
2025-02-03 11:38:47,366 - INFO - Email sent successfully | To: yash@kgrp.in | Subject: DOM Changes Detected - PNR: VK6H8B | Type: OTHER
2025-02-03 11:38:50,291 - INFO - Email sent successfully | To: yash@kgrp.in | Subject: DOM Changes Detected - PNR: VK6H8B | Type: OTHER
2025-02-03 11:38:53,469 - INFO - Email sent successfully | To: yash@kgrp.in | Subject: DOM Changes Detected - PNR: VK6H8B | Type: OTHER
2025-02-03 11:39:57,997 - INFO - Email sent successfully | To: yash@kgrp.in | Subject: DOM Changes Detected - PNR: VK6H8B | Type: OTHER
2025-02-03 11:39:58,160 - INFO - Email sent successfully | To: yash@kgrp.in | Subject: DOM Changes Detected - PNR: VK6H8B | Type: OTHER
2025-02-03 11:40:00,375 - INFO - Email sent successfully | To: yash@kgrp.in | Subject: DOM Changes Detected - PNR: VK6H8B | Type: OTHER
2025-02-03 11:41:05,222 - INFO - Email sent successfully | To: yash@kgrp.in | Subject: DOM Changes Detected - PNR: VK6H8B | Type: OTHER
2025-02-03 11:41:05,371 - INFO - Email sent successfully | To: yash@kgrp.in | Subject: DOM Changes Detected - PNR: VK6H8B | Type: OTHER
2025-02-03 11:41:07,894 - INFO - Email sent successfully | To: yash@kgrp.in | Subject: DOM Changes Detected - PNR: VK6H8B | Type: OTHER
2025-02-03 11:41:11,473 - INFO - Email sent successfully | To: yash@kgrp.in | Subject: Star Air Scraper Error - download | Type: OTHER
2025-02-03 11:42:13,013 - INFO - Email sent successfully | To: yash@kgrp.in | Subject: DOM Changes Detected - PNR: VK6H8B | Type: OTHER
2025-02-03 11:42:15,900 - INFO - Email sent successfully | To: yash@kgrp.in | Subject: DOM Changes Detected - PNR: VK6H8B | Type: OTHER
2025-02-03 11:43:19,993 - INFO - Email sent successfully | To: yash@kgrp.in | Subject: DOM Changes Detected - PNR: VK6H8B | Type: OTHER
2025-02-03 11:43:22,737 - INFO - Email sent successfully | To: yash@kgrp.in | Subject: DOM Changes Detected - PNR: VK6H8B | Type: OTHER
2025-02-03 11:44:27,308 - INFO - Email sent successfully | To: yash@kgrp.in | Subject: DOM Changes Detected - PNR: VK6H8B | Type: OTHER
2025-02-03 11:44:30,726 - INFO - Email sent successfully | To: yash@kgrp.in | Subject: DOM Changes Detected - PNR: VK6H8B | Type: OTHER
2025-02-03 11:45:34,851 - INFO - Email sent successfully | To: yash@kgrp.in | Subject: DOM Changes Detected - PNR: VK6H8B | Type: OTHER
2025-02-03 11:45:38,778 - INFO - Email sent successfully | To: yash@kgrp.in | Subject: DOM Changes Detected - PNR: VK6H8B | Type: OTHER
2025-02-03 11:46:41,869 - INFO - Email sent successfully | To: yash@kgrp.in | Subject: DOM Changes Detected - PNR: VK6H8B | Type: OTHER
2025-02-03 11:46:46,849 - INFO - Email sent successfully | To: yash@kgrp.in | Subject: DOM Changes Detected - PNR: VK6H8B | Type: OTHER
2025-02-03 11:47:49,747 - INFO - Email sent successfully | To: yash@kgrp.in | Subject: DOM Changes Detected - PNR: VK6H8B | Type: OTHER
2025-02-03 11:47:53,937 - INFO - Email sent successfully | To: yash@kgrp.in | Subject: DOM Changes Detected - PNR: VK6H8B | Type: OTHER
2025-02-03 11:48:58,049 - INFO - Email sent successfully | To: yash@kgrp.in | Subject: DOM Changes Detected - PNR: VK6H8B | Type: OTHER
2025-02-03 11:49:01,236 - INFO - Email sent successfully | To: yash@kgrp.in | Subject: DOM Changes Detected - PNR: VK6H8B | Type: OTHER
2025-02-03 11:50:05,494 - INFO - Email sent successfully | To: yash@kgrp.in | Subject: DOM Changes Detected - PNR: VK6H8B | Type: OTHER
2025-02-03 11:50:08,743 - INFO - Email sent successfully | To: yash@kgrp.in | Subject: DOM Changes Detected - PNR: VK6H8B | Type: OTHER
2025-02-03 12:10:29,615 - INFO - Email sent successfully | To: yash@kgrp.in | Subject: DOM Changes Detected - PNR: VK6H8B | Type: OTHER
2025-02-03 12:10:29,779 - INFO - Email sent successfully | To: yash@kgrp.in | Subject: DOM Changes Detected - PNR: VK6H8B | Type: OTHER
2025-02-03 12:10:30,632 - INFO - Email sent successfully | To: yash@kgrp.in | Subject: DOM Changes Detected - PNR: VK6H8B | Type: OTHER
2025-02-03 12:10:32,806 - INFO - Email sent successfully | To: yash@kgrp.in | Subject: DOM Changes Detected - PNR: VK6H8B | Type: OTHER
2025-02-03 12:10:35,257 - INFO - Email sent successfully | To: yash@kgrp.in | Subject: Star Air Scraper Error - download | Type: OTHER
2025-02-03 12:11:11,913 - INFO - Email sent successfully | To: yash@kgrp.in | Subject: DOM Changes Detected - PNR: VK6H8B | Type: OTHER
2025-02-03 12:11:36,715 - INFO - Email sent successfully | To: yash@kgrp.in | Subject: DOM Changes Detected - PNR: VK6H8B | Type: OTHER
2025-02-03 12:11:39,510 - INFO - Email sent successfully | To: yash@kgrp.in | Subject: DOM Changes Detected - PNR: VK6H8B | Type: OTHER
2025-02-03 12:11:39,693 - INFO - Email sent successfully | To: yash@kgrp.in | Subject: DOM Changes Detected - PNR: VK6H8B | Type: OTHER
2025-02-03 12:12:43,925 - INFO - Email sent successfully | To: yash@kgrp.in | Subject: DOM Changes Detected - PNR: VK6H8B | Type: OTHER
2025-02-03 12:12:46,269 - INFO - Email sent successfully | To: yash@kgrp.in | Subject: DOM Changes Detected - PNR: VK6H8B | Type: OTHER
2025-02-03 12:13:50,989 - INFO - Email sent successfully | To: yash@kgrp.in | Subject: DOM Changes Detected - PNR: VK6H8B | Type: OTHER
2025-02-03 12:13:52,821 - INFO - Email sent successfully | To: yash@kgrp.in | Subject: DOM Changes Detected - PNR: VK6H8B | Type: OTHER
2025-02-03 12:14:57,753 - INFO - Email sent successfully | To: yash@kgrp.in | Subject: DOM Changes Detected - PNR: VK6H8B | Type: OTHER
2025-02-03 12:14:59,315 - INFO - Email sent successfully | To: yash@kgrp.in | Subject: DOM Changes Detected - PNR: VK6H8B | Type: OTHER
2025-02-03 12:16:04,510 - INFO - Email sent successfully | To: yash@kgrp.in | Subject: DOM Changes Detected - PNR: VK6H8B | Type: OTHER
2025-02-03 12:16:05,943 - INFO - Email sent successfully | To: yash@kgrp.in | Subject: DOM Changes Detected - PNR: VK6H8B | Type: OTHER
2025-02-03 12:17:11,175 - INFO - Email sent successfully | To: yash@kgrp.in | Subject: DOM Changes Detected - PNR: VK6H8B | Type: OTHER
2025-02-03 12:17:12,621 - INFO - Email sent successfully | To: yash@kgrp.in | Subject: DOM Changes Detected - PNR: VK6H8B | Type: OTHER
2025-02-03 12:18:17,905 - INFO - Email sent successfully | To: yash@kgrp.in | Subject: DOM Changes Detected - PNR: VK6H8B | Type: OTHER
2025-02-03 12:18:19,442 - INFO - Email sent successfully | To: yash@kgrp.in | Subject: DOM Changes Detected - PNR: VK6H8B | Type: OTHER
2025-02-03 12:19:24,619 - INFO - Email sent successfully | To: yash@kgrp.in | Subject: DOM Changes Detected - PNR: VK6H8B | Type: OTHER
2025-02-03 12:19:26,031 - INFO - Email sent successfully | To: yash@kgrp.in | Subject: DOM Changes Detected - PNR: VK6H8B | Type: OTHER
2025-02-03 12:20:31,317 - INFO - Email sent successfully | To: yash@kgrp.in | Subject: DOM Changes Detected - PNR: VK6H8B | Type: OTHER
2025-02-03 12:20:32,684 - INFO - Email sent successfully | To: yash@kgrp.in | Subject: DOM Changes Detected - PNR: VK6H8B | Type: OTHER
2025-02-03 12:28:38,528 - INFO - Email sent successfully | To: yash@kgrp.in | Subject: DOM Changes Detected - PNR: VK6H8B | Type: OTHER
2025-02-03 12:28:38,688 - INFO - Email sent successfully | To: yash@kgrp.in | Subject: DOM Changes Detected - PNR: VK6H8B | Type: OTHER
2025-02-03 12:28:39,597 - INFO - Email sent successfully | To: yash@kgrp.in | Subject: DOM Changes Detected - PNR: VK6H8B | Type: OTHER
2025-02-03 12:28:41,940 - INFO - Email sent successfully | To: yash@kgrp.in | Subject: DOM Changes Detected - PNR: VK6H8B | Type: OTHER
2025-02-03 12:28:43,894 - INFO - Email sent successfully | To: yash@kgrp.in | Subject: Scraper Error - PNR: VK6H8B | Type: OTHER
2025-02-03 12:28:44,050 - INFO - Email sent successfully | To: yash@kgrp.in | Subject: Scraper Error - PNR: VK6H8B | Type: OTHER
2025-02-03 12:29:46,674 - INFO - Email sent successfully | To: yash@kgrp.in | Subject: DOM Changes Detected - PNR: VK6H8B | Type: OTHER
2025-02-03 12:29:49,356 - INFO - Email sent successfully | To: yash@kgrp.in | Subject: DOM Changes Detected - PNR: VK6H8B | Type: OTHER
2025-02-03 12:30:53,541 - INFO - Email sent successfully | To: yash@kgrp.in | Subject: DOM Changes Detected - PNR: VK6H8B | Type: OTHER
2025-02-03 12:30:56,127 - INFO - Email sent successfully | To: yash@kgrp.in | Subject: DOM Changes Detected - PNR: VK6H8B | Type: OTHER
2025-02-03 12:32:00,488 - INFO - Email sent successfully | To: yash@kgrp.in | Subject: DOM Changes Detected - PNR: VK6H8B | Type: OTHER
2025-02-03 12:32:03,106 - INFO - Email sent successfully | To: yash@kgrp.in | Subject: DOM Changes Detected - PNR: VK6H8B | Type: OTHER
2025-02-03 12:32:18,537 - INFO - Email sent successfully | To: yash@kgrp.in | Subject: DOM Changes Detected - PNR: VK6H8B | Type: OTHER
2025-02-03 12:33:25,449 - INFO - Email sent successfully | To: yash@kgrp.in | Subject: DOM Changes Detected - PNR: VK6H8B | Type: OTHER
2025-02-03 12:33:30,799 - INFO - Email sent successfully | To: yash@kgrp.in | Subject: Scraper Error - PNR: VK6H8B | Type: OTHER
2025-02-03 12:34:07,513 - INFO - Email sent successfully | To: yash@kgrp.in | Subject: DOM Changes Detected - PNR: VK6H8B | Type: OTHER
2025-02-03 12:34:11,048 - INFO - Email sent successfully | To: yash@kgrp.in | Subject: DOM Changes Detected - PNR: VK6H8B | Type: OTHER
2025-02-03 12:34:28,740 - INFO - Email sent successfully | To: yash@kgrp.in | Subject: DOM Changes Detected - PNR: VK6H8B | Type: OTHER
2025-02-03 12:34:32,265 - INFO - Email sent successfully | To: yash@kgrp.in | Subject: DOM Changes Detected - PNR: VK6H8B | Type: OTHER
2025-02-03 12:34:38,532 - INFO - Email sent successfully | To: yash@kgrp.in | Subject: Scraper Error - PNR: VK6H8B | Type: OTHER
2025-02-03 12:34:56,752 - INFO - Email sent successfully | To: yash@kgrp.in | Subject: DOM Changes Detected - PNR: VK6H8B | Type: OTHER
2025-02-03 12:35:10,702 - INFO - Email sent successfully | To: yash@kgrp.in | Subject: DOM Changes Detected - PNR: VK6H8B | Type: OTHER
2025-02-03 12:35:14,273 - INFO - Email sent successfully | To: yash@kgrp.in | Subject: DOM Changes Detected - PNR: VK6H8B | Type: OTHER
2025-02-03 12:35:15,177 - INFO - Email sent successfully | To: yash@kgrp.in | Subject: DOM Changes Detected - PNR: VK6H8B | Type: OTHER
2025-02-03 12:35:39,095 - INFO - Email sent successfully | To: yash@kgrp.in | Subject: DOM Changes Detected - PNR: VK6H8B | Type: OTHER
2025-02-03 12:35:44,575 - INFO - Email sent successfully | To: yash@kgrp.in | Subject: Scraper Error - PNR: VK6H8B | Type: OTHER
2025-02-03 12:36:17,792 - INFO - Email sent successfully | To: yash@kgrp.in | Subject: DOM Changes Detected - PNR: VK6H8B | Type: OTHER
2025-02-03 12:36:21,339 - INFO - Email sent successfully | To: yash@kgrp.in | Subject: DOM Changes Detected - PNR: VK6H8B | Type: OTHER
2025-02-03 12:37:24,682 - INFO - Email sent successfully | To: yash@kgrp.in | Subject: DOM Changes Detected - PNR: VK6H8B | Type: OTHER
2025-02-03 12:37:28,316 - INFO - Email sent successfully | To: yash@kgrp.in | Subject: DOM Changes Detected - PNR: VK6H8B | Type: OTHER
2025-02-03 12:38:37,876 - INFO - Email sent successfully | To: yash@kgrp.in | Subject: DOM Changes Detected - PNR: VK6H8B | Type: OTHER
2025-02-03 12:38:40,911 - INFO - Email sent successfully | To: yash@kgrp.in | Subject: DOM Changes Detected - PNR: VK6H8B | Type: OTHER
2025-02-03 12:38:44,882 - INFO - Email sent successfully | To: yash@kgrp.in | Subject: Scraper Error - PNR: VK6H8B | Type: OTHER
2025-02-03 12:38:46,329 - INFO - Email sent successfully | To: yash@kgrp.in | Subject: Scraper Error - PNR: VK6H8B | Type: OTHER
2025-02-03 12:39:32,215 - INFO - Email sent successfully | To: yash@kgrp.in | Subject: DOM Changes Detected - PNR: VK6H8B | Type: OTHER
2025-02-03 12:42:39,232 - INFO - Email sent successfully | To: yash@kgrp.in | Subject: DOM Changes Detected - PNR: VK6H8B | Type: OTHER
2025-02-03 12:42:41,600 - INFO - Email sent successfully | To: yash@kgrp.in | Subject: DOM Changes Detected - PNR: VK6H8B | Type: OTHER
2025-02-03 12:43:46,043 - INFO - Email sent successfully | To: yash@kgrp.in | Subject: DOM Changes Detected - PNR: VK6H8B | Type: OTHER
2025-02-03 12:43:48,429 - INFO - Email sent successfully | To: yash@kgrp.in | Subject: DOM Changes Detected - PNR: VK6H8B | Type: OTHER
2025-02-03 12:43:51,431 - INFO - Email sent successfully | To: yash@kgrp.in | Subject: Scraper Error - PNR: VK6H8B | Type: OTHER
2025-02-03 12:43:54,514 - INFO - Email sent successfully | To: yash@kgrp.in | Subject: Scraper Error - PNR: VK6H8B | Type: OTHER
2025-02-03 12:46:43,516 - INFO - Email sent successfully | To: yash@kgrp.in | Subject: DOM Changes Detected - PNR: VK6H8B | Type: OTHER
2025-02-03 12:46:46,593 - INFO - Email sent successfully | To: yash@kgrp.in | Subject: DOM Changes Detected - PNR: VK6H8B | Type: OTHER
2025-02-03 12:47:50,407 - INFO - Email sent successfully | To: yash@kgrp.in | Subject: DOM Changes Detected - PNR: VK6H8B | Type: OTHER
2025-02-03 12:47:53,389 - INFO - Email sent successfully | To: yash@kgrp.in | Subject: DOM Changes Detected - PNR: VK6H8B | Type: OTHER
2025-02-03 12:48:58,228 - INFO - Email sent successfully | To: yash@kgrp.in | Subject: DOM Changes Detected - PNR: VK6H8B | Type: OTHER
2025-02-03 12:49:00,165 - INFO - Email sent successfully | To: yash@kgrp.in | Subject: DOM Changes Detected - PNR: VK6H8B | Type: OTHER
2025-02-03 12:49:41,977 - INFO - Email sent successfully | To: yash@kgrp.in | Subject: DOM Changes Detected - PNR: VK6H8B | Type: OTHER
2025-02-03 12:50:05,043 - INFO - Email sent successfully | To: yash@kgrp.in | Subject: DOM Changes Detected - PNR: VK6H8B | Type: OTHER
2025-02-03 12:51:11,775 - INFO - Email sent successfully | To: yash@kgrp.in | Subject: DOM Changes Detected - PNR: VK6H8B | Type: OTHER
2025-02-03 12:52:30,633 - INFO - Email sent successfully | To: yash@kgrp.in | Subject: DOM Changes Detected - PNR: VK6H8B | Type: OTHER
2025-02-03 12:52:33,490 - INFO - Email sent successfully | To: yash@kgrp.in | Subject: DOM Changes Detected - PNR: VK6H8B | Type: OTHER
2025-02-03 12:53:37,581 - INFO - Email sent successfully | To: yash@kgrp.in | Subject: DOM Changes Detected - PNR: VK6H8B | Type: OTHER
2025-02-03 12:53:40,495 - INFO - Email sent successfully | To: yash@kgrp.in | Subject: DOM Changes Detected - PNR: VK6H8B | Type: OTHER
2025-02-03 12:54:47,378 - INFO - Email sent successfully | To: yash@kgrp.in | Subject: DOM Changes Detected - PNR: VK6H8B | Type: OTHER
2025-02-03 12:54:54,831 - INFO - Email sent successfully | To: yash@kgrp.in | Subject: DOM Changes Detected - PNR: VK6H8B | Type: OTHER
2025-02-03 12:56:41,300 - INFO - Email sent successfully | To: yash@kgrp.in | Subject: DOM Changes Detected - PNR: VK6H8B | Type: OTHER
2025-02-03 12:56:44,317 - INFO - Email sent successfully | To: yash@kgrp.in | Subject: DOM Changes Detected - PNR: VK6H8B | Type: OTHER
2025-02-03 12:57:48,759 - INFO - Email sent successfully | To: yash@kgrp.in | Subject: DOM Changes Detected - PNR: VK6H8B | Type: OTHER
2025-02-03 12:57:50,986 - INFO - Email sent successfully | To: yash@kgrp.in | Subject: DOM Changes Detected - PNR: VK6H8B | Type: OTHER
2025-02-03 12:58:55,692 - INFO - Email sent successfully | To: yash@kgrp.in | Subject: DOM Changes Detected - PNR: VK6H8B | Type: OTHER
2025-02-03 12:58:58,393 - INFO - Email sent successfully | To: yash@kgrp.in | Subject: DOM Changes Detected - PNR: VK6H8B | Type: OTHER
2025-02-03 13:00:14,291 - INFO - Email sent successfully | To: yash@kgrp.in | Subject: DOM Changes Detected - PNR: VK6H8B | Type: OTHER
2025-02-03 13:00:16,881 - INFO - Email sent successfully | To: yash@kgrp.in | Subject: DOM Changes Detected - PNR: VK6H8B | Type: OTHER
2025-02-03 13:01:21,116 - INFO - Email sent successfully | To: yash@kgrp.in | Subject: DOM Changes Detected - PNR: VK6H8B | Type: OTHER
2025-02-03 13:01:23,658 - INFO - Email sent successfully | To: yash@kgrp.in | Subject: DOM Changes Detected - PNR: VK6H8B | Type: OTHER
2025-02-03 13:02:28,215 - INFO - Email sent successfully | To: yash@kgrp.in | Subject: DOM Changes Detected - PNR: VK6H8B | Type: OTHER
2025-02-03 13:02:30,433 - INFO - Email sent successfully | To: yash@kgrp.in | Subject: DOM Changes Detected - PNR: VK6H8B | Type: OTHER
2025-02-03 13:03:35,569 - INFO - Email sent successfully | To: yash@kgrp.in | Subject: DOM Changes Detected - PNR: VK6H8B | Type: OTHER
2025-02-03 13:03:37,243 - INFO - Email sent successfully | To: yash@kgrp.in | Subject: DOM Changes Detected - PNR: VK6H8B | Type: OTHER
2025-02-03 13:04:42,621 - INFO - Email sent successfully | To: yash@kgrp.in | Subject: DOM Changes Detected - PNR: VK6H8B | Type: OTHER
2025-02-03 13:05:40,848 - INFO - Email sent successfully | To: yash@kgrp.in | Subject: DOM Changes Detected - PNR: VK6H8B | Type: OTHER
2025-02-03 13:05:43,063 - INFO - Email sent successfully | To: yash@kgrp.in | Subject: DOM Changes Detected - PNR: VK6H8B | Type: OTHER
2025-02-03 13:05:50,808 - INFO - Email sent successfully | To: yash@kgrp.in | Subject: DOM Changes Detected - PNR: VK6H8B | Type: OTHER
2025-02-03 13:19:39,601 - INFO - Email sent successfully | To: yash@kgrp.in | Subject: Website Down Alert - https://starair.in/customer/gstinvoice | Type: DOWN
2025-02-03 13:19:48,319 - INFO - Email sent successfully | To: yash@kgrp.in | Subject: Website Recovered - https://starair.in/customer/gstinvoice | Type: UP
2025-02-03 13:21:34,049 - INFO - Email sent successfully | To: yash@kgrp.in | Subject: DOM Changes Detected - PNR: VK6H8B | Type: OTHER
2025-02-03 13:21:34,198 - INFO - Email sent successfully | To: yash@kgrp.in | Subject: DOM Changes Detected - PNR: VK6H8B | Type: OTHER
2025-02-03 13:22:41,339 - INFO - Email sent successfully | To: yash@kgrp.in | Subject: DOM Changes Detected - PNR: VK6H8B | Type: OTHER
2025-02-03 13:22:41,490 - INFO - Email sent successfully | To: yash@kgrp.in | Subject: DOM Changes Detected - PNR: VK6H8B | Type: OTHER
2025-02-03 13:23:48,091 - INFO - Email sent successfully | To: yash@kgrp.in | Subject: DOM Changes Detected - PNR: VK6H8B | Type: OTHER
2025-02-03 13:23:48,164 - INFO - Email sent successfully | To: yash@kgrp.in | Subject: DOM Changes Detected - PNR: VK6H8B | Type: OTHER
2025-02-03 13:23:53,536 - INFO - Email sent successfully | To: yash@kgrp.in | Subject: Star Air Scraper Error - download | Type: OTHER
2025-02-03 13:24:41,074 - INFO - Email sent successfully | To: yash@kgrp.in | Subject: DOM Changes Detected - PNR: VK6H8B | Type: OTHER
2025-02-03 13:24:55,244 - INFO - Email sent successfully | To: yash@kgrp.in | Subject: DOM Changes Detected - PNR: VK6H8B | Type: OTHER
2025-02-03 13:24:58,255 - INFO - Email sent successfully | To: yash@kgrp.in | Subject: DOM Changes Detected - PNR: VK6H8B | Type: OTHER
2025-02-03 13:26:04,205 - INFO - Email sent successfully | To: yash@kgrp.in | Subject: DOM Changes Detected - PNR: VK6H8B | Type: OTHER
2025-02-03 13:26:10,715 - INFO - Email sent successfully | To: yash@kgrp.in | Subject: DOM Changes Detected - PNR: VK6H8B | Type: OTHER
2025-02-03 13:27:16,779 - INFO - Email sent successfully | To: yash@kgrp.in | Subject: DOM Changes Detected - PNR: VK6H8B | Type: OTHER
2025-02-03 13:27:24,005 - INFO - Email sent successfully | To: yash@kgrp.in | Subject: DOM Changes Detected - PNR: VK6H8B | Type: OTHER
2025-02-03 13:28:34,783 - INFO - Email sent successfully | To: yash@kgrp.in | Subject: DOM Changes Detected - PNR: VK6H8B | Type: OTHER
2025-02-03 13:28:42,331 - INFO - Email sent successfully | To: yash@kgrp.in | Subject: DOM Changes Detected - PNR: VK6H8B | Type: OTHER
2025-02-03 13:29:47,679 - INFO - Email sent successfully | To: yash@kgrp.in | Subject: DOM Changes Detected - PNR: VK6H8B | Type: OTHER
2025-02-03 13:29:55,326 - INFO - Email sent successfully | To: yash@kgrp.in | Subject: DOM Changes Detected - PNR: VK6H8B | Type: OTHER
2025-02-03 13:30:56,780 - INFO - Email sent successfully | To: yash@kgrp.in | Subject: DOM Changes Detected - PNR: VK6H8B | Type: OTHER
2025-02-03 13:31:02,951 - INFO - Email sent successfully | To: yash@kgrp.in | Subject: DOM Changes Detected - PNR: VK6H8B | Type: OTHER
2025-02-03 13:32:03,561 - INFO - Email sent successfully | To: yash@kgrp.in | Subject: DOM Changes Detected - PNR: VK6H8B | Type: OTHER
2025-02-03 13:32:09,834 - INFO - Email sent successfully | To: yash@kgrp.in | Subject: DOM Changes Detected - PNR: VK6H8B | Type: OTHER
2025-02-03 13:33:10,365 - INFO - Email sent successfully | To: yash@kgrp.in | Subject: DOM Changes Detected - PNR: VK6H8B | Type: OTHER
2025-02-03 13:33:16,663 - INFO - Email sent successfully | To: yash@kgrp.in | Subject: DOM Changes Detected - PNR: VK6H8B | Type: OTHER
2025-02-03 13:34:17,263 - INFO - Email sent successfully | To: yash@kgrp.in | Subject: DOM Changes Detected - PNR: VK6H8B | Type: OTHER
2025-02-03 13:34:23,479 - INFO - Email sent successfully | To: yash@kgrp.in | Subject: DOM Changes Detected - PNR: VK6H8B | Type: OTHER
